Log file open, 06/15/18 13:50:02
LogWindows: Failed to load 'aqProf.dll' (GetLastError=126)
LogWindows: File 'aqProf.dll' does not exist
LogWindows: Failed to load 'VSPerf140.dll' (GetLastError=126)
LogWindows: File 'VSPerf140.dll' does not exist
LogWindows: Failed to load 'VtuneApi.dll' (GetLastError=126)
LogWindows: File 'VtuneApi.dll' does not exist
LogWindows: Failed to load 'VtuneApi32e.dll' (GetLastError=126)
LogWindows: File 'VtuneApi32e.dll' does not exist
LogInit: Display: Running engine for game: VincennesVR
LogPlatformFile: Not using cached read wrapper
LogInit: Display: RandInit(719588963) SRandInit(719588963).
LogInit: Read version file with build ID '3709383'
LogInit: Overriding engine version to CL 3832480, compatible CL 3709383
LogInit: Registered custom module enumerator with build ID '3709383'
LogTaskGraph: Started task graph with 5 named threads and 14 total threads with 3 sets of task threads.
LogStats: Stats thread started at 0.279930
LogD3D11RHI: Aftermath initialized
LogModuleManager: Display: Found up-to-date module file ../../../Engine/Plugins/Marketplace/Substance/Binaries/Win64/UE4Editor-SubstanceCore.dll (API version 3709383).
LogModuleManager: Display: Found up-to-date module file ../../../Engine/Plugins/Marketplace/Substance/Binaries/Win64/UE4Editor-SubstanceEditor.dll (API version 3709383).
LogModuleManager: Display: Found up-to-date module file ../../../Engine/Plugins/Marketplace/Substance/Binaries/Win64/UE4Editor-SubstanceSource.dll (API version 3709383).
LogModuleManager: Display: Found up-to-date module file ../../../Engine/Plugins/Marketplace/Substance/Binaries/Win64/UE4Editor-SubstanceLiveLink.dll (API version 3709383).
LogModuleManager: Display: Found up-to-date module file ../../../Engine/Plugins/2D/Paper2D/Binaries/Win64/UE4Editor-Paper2D.dll (API version 3709383).
LogModuleManager: Display: Found up-to-date module file ../../../Engine/Plugins/2D/Paper2D/Binaries/Win64/UE4Editor-Paper2DEditor.dll (API version 3709383).
LogModuleManager: Display: Found up-to-date module file ../../../Engine/Plugins/2D/Paper2D/Binaries/Win64/UE4Editor-PaperSpriteSheetImporter.dll (API version 3709383).
LogModuleManager: Display: Found up-to-date module file ../../../Engine/Plugins/2D/Paper2D/Binaries/Win64/UE4Editor-PaperTiledImporter.dll (API version 3709383).
LogModuleManager: Display: Found up-to-date module file ../../../Engine/Plugins/2D/Paper2D/Binaries/Win64/UE4Editor-SmartSnapping.dll (API version 3709383).
LogModuleManager: Display: Found up-to-date module file ../../../Engine/Plugins/Blendables/LightPropagationVolume/Binaries/Win64/UE4Editor-LightPropagationVolumeRuntime.dll (API version 3709383).
LogModuleManager: Display: Found up-to-date module file ../../../Engine/Plugins/Blendables/LightPropagationVolume/Binaries/Win64/UE4Editor-LightPropagationVolumeEditor.dll (API version 3709383).
LogModuleManager: Display: Found up-to-date module file ../../../Engine/Plugins/Developer/GitSourceControl/Binaries/Win64/UE4Editor-GitSourceControl.dll (API version 3709383).
LogModuleManager: Display: Found up-to-date module file ../../../Engine/Plugins/Developer/PerforceSourceControl/Binaries/Win64/UE4Editor-PerforceSourceControl.dll (API version 3709383).
LogModuleManager: Display: Found up-to-date module file ../../../Engine/Plugins/Developer/SubversionSourceControl/Binaries/Win64/UE4Editor-SubversionSourceControl.dll (API version 3709383).
LogModuleManager: Display: Found up-to-date module file ../../../Engine/Plugins/Developer/UObjectPlugin/Binaries/Win64/UE4Editor-UObjectPlugin.dll (API version 3709383).
LogModuleManager: Display: Found up-to-date module file ../../../Engine/Plugins/Developer/VisualStudioCodeSourceCodeAccess/Binaries/Win64/UE4Editor-VisualStudioCodeSourceCodeAccess.dll (API version 3709383).
LogModuleManager: Display: Found up-to-date module file ../../../Engine/Plugins/Developer/VisualStudioSourceCodeAccess/Binaries/Win64/UE4Editor-VisualStudioSourceCodeAccess.dll (API version 3709383).
LogModuleManager: Display: Found up-to-date module file ../../../Engine/Plugins/Editor/AssetManagerEditor/Binaries/Win64/UE4Editor-AssetManagerEditor.dll (API version 3709383).
LogModuleManager: Display: Found up-to-date module file ../../../Engine/Plugins/Editor/AudioCapture/Binaries/Win64/UE4Editor-AudioCapture.dll (API version 3709383).
LogModuleManager: Display: Found up-to-date module file ../../../Engine/Plugins/Editor/FacialAnimation/Binaries/Win64/UE4Editor-FacialAnimation.dll (API version 3709383).
LogModuleManager: Display: Found up-to-date module file ../../../Engine/Plugins/Editor/FacialAnimation/Binaries/Win64/UE4Editor-FacialAnimationEditor.dll (API version 3709383).
LogModuleManager: Display: Found up-to-date module file ../../../Engine/Plugins/Editor/GameplayTagsEditor/Binaries/Win64/UE4Editor-GameplayTagsEditor.dll (API version 3709383).
LogModuleManager: Display: Found up-to-date module file ../../../Engine/Plugins/Editor/MobileLauncherProfileWizard/Binaries/Win64/UE4Editor-MobileLauncherProfileWizard.dll (API version 3709383).
LogModuleManager: Display: Found up-to-date module file ../../../Engine/Plugins/Editor/PluginBrowser/Binaries/Win64/UE4Editor-PluginBrowser.dll (API version 3709383).
LogModuleManager: Display: Found up-to-date module file ../../../Engine/Plugins/Editor/SpeedTreeImporter/Binaries/Win64/UE4Editor-SpeedTreeImporter.dll (API version 3709383).
LogModuleManager: Display: Found up-to-date module file ../../../Engine/Plugins/Experimental/AlembicImporter/Binaries/Win64/UE4Editor-AlembicImporter.dll (API version 3709383).
LogModuleManager: Display: Found up-to-date module file ../../../Engine/Plugins/Experimental/AlembicImporter/Binaries/Win64/UE4Editor-AlembicLibrary.dll (API version 3709383).
LogModuleManager: Display: Found up-to-date module file ../../../Engine/Plugins/Experimental/CharacterAI/Binaries/Win64/UE4Editor-CharacterAI.dll (API version 3709383).
LogModuleManager: Display: Found up-to-date module file ../../../Engine/Plugins/Experimental/HTML5Networking/Binaries/Win64/UE4Editor-HTML5Networking.dll (API version 3709383).
LogModuleManager: Display: Found up-to-date module file ../../../Engine/Plugins/Media/AndroidMedia/Binaries/Win64/UE4Editor-AndroidMediaEditor.dll (API version 3709383).
LogModuleManager: Display: Found up-to-date module file ../../../Engine/Plugins/Media/AndroidMedia/Binaries/Win64/UE4Editor-AndroidMediaFactory.dll (API version 3709383).
LogModuleManager: Display: Found up-to-date module file ../../../Engine/Plugins/Media/AvfMedia/Binaries/Win64/UE4Editor-AvfMediaEditor.dll (API version 3709383).
LogModuleManager: Display: Found up-to-date module file ../../../Engine/Plugins/Media/AvfMedia/Binaries/Win64/UE4Editor-AvfMediaFactory.dll (API version 3709383).
LogModuleManager: Display: Found up-to-date module file ../../../Engine/Plugins/Media/AvfMedia/Binaries/Win64/UE4Editor-AvfMediaFactory.dll (API version 3709383).
LogModuleManager: Display: Found up-to-date module file ../../../Engine/Plugins/Media/ImgMedia/Binaries/Win64/UE4Editor-ImgMedia.dll (API version 3709383).
LogModuleManager: Display: Found up-to-date module file ../../../Engine/Plugins/Media/ImgMedia/Binaries/Win64/UE4Editor-ImgMediaEditor.dll (API version 3709383).
LogModuleManager: Display: Found up-to-date module file ../../../Engine/Plugins/Media/ImgMedia/Binaries/Win64/UE4Editor-ImgMediaFactory.dll (API version 3709383).
LogModuleManager: Display: Found up-to-date module file ../../../Engine/Plugins/Media/ImgMedia/Binaries/Win64/UE4Editor-ImgMediaFactory.dll (API version 3709383).
LogModuleManager: Display: Found up-to-date module file ../../../Engine/Plugins/Media/ImgMedia/Binaries/Win64/UE4Editor-OpenExrWrapper.dll (API version 3709383).
LogModuleManager: Display: Found up-to-date module file ../../../Engine/Plugins/Media/MediaCompositing/Binaries/Win64/UE4Editor-MediaCompositing.dll (API version 3709383).
LogModuleManager: Display: Found up-to-date module file ../../../Engine/Plugins/Media/MediaCompositing/Binaries/Win64/UE4Editor-MediaCompositingEditor.dll (API version 3709383).
LogModuleManager: Display: Found up-to-date module file ../../../Engine/Plugins/Media/MediaPlayerEditor/Binaries/Win64/UE4Editor-MediaPlayerEditor.dll (API version 3709383).
LogModuleManager: Display: Found up-to-date module file ../../../Engine/Plugins/Media/WmfMedia/Binaries/Win64/UE4Editor-WmfMedia.dll (API version 3709383).
LogModuleManager: Display: Found up-to-date module file ../../../Engine/Plugins/Media/WmfMedia/Binaries/Win64/UE4Editor-WmfMediaEditor.dll (API version 3709383).
LogModuleManager: Display: Found up-to-date module file ../../../Engine/Plugins/Media/WmfMedia/Binaries/Win64/UE4Editor-WmfMediaFactory.dll (API version 3709383).
LogModuleManager: Display: Found up-to-date module file ../../../Engine/Plugins/Media/WmfMedia/Binaries/Win64/UE4Editor-WmfMediaFactory.dll (API version 3709383).
LogModuleManager: Display: Found up-to-date module file ../../../Engine/Plugins/Messaging/TcpMessaging/Binaries/Win64/UE4Editor-TcpMessaging.dll (API version 3709383).
LogModuleManager: Display: Found up-to-date module file ../../../Engine/Plugins/Messaging/UdpMessaging/Binaries/Win64/UE4Editor-UdpMessaging.dll (API version 3709383).
LogModuleManager: Display: Found up-to-date module file ../../../Engine/Plugins/MovieScene/ActorSequence/Binaries/Win64/UE4Editor-ActorSequence.dll (API version 3709383).
LogModuleManager: Display: Found up-to-date module file ../../../Engine/Plugins/MovieScene/LevelSequenceEditor/Binaries/Win64/UE4Editor-LevelSequenceEditor.dll (API version 3709383).
LogModuleManager: Display: Found up-to-date module file ../../../Engine/Plugins/MovieScene/MatineeToLevelSequence/Binaries/Win64/UE4Editor-MatineeToLevelSequence.dll (API version 3709383).
LogModuleManager: Display: Found up-to-date module file ../../../Engine/Plugins/Online/OnlineSubsystem/Binaries/Win64/UE4Editor-OnlineSubsystem.dll (API version 3709383).
LogModuleManager: Display: Found up-to-date module file ../../../Engine/Plugins/Runtime/AndroidPermission/Binaries/Win64/UE4Editor-AndroidPermission.dll (API version 3709383).
LogModuleManager: Display: Found up-to-date module file ../../../Engine/Plugins/Online/OnlineSubsystemNull/Binaries/Win64/UE4Editor-OnlineSubsystemNull.dll (API version 3709383).
LogModuleManager: Display: Found up-to-date module file ../../../Engine/Plugins/Online/OnlineSubsystemUtils/Binaries/Win64/UE4Editor-OnlineSubsystemUtils.dll (API version 3709383).
LogModuleManager: Display: Found up-to-date module file ../../../Engine/Plugins/Online/OnlineSubsystemUtils/Binaries/Win64/UE4Editor-OnlineBlueprintSupport.dll (API version 3709383).
LogModuleManager: Display: Found up-to-date module file ../../../Engine/Plugins/Runtime/AndroidDeviceProfileSelector/Binaries/Win64/UE4Editor-AndroidDeviceProfileSelector.dll (API version 3709383).
LogModuleManager: Display: Found up-to-date module file ../../../Engine/Plugins/Runtime/AppleARKit/Binaries/Win64/UE4Editor-AppleARKit.dll (API version 3709383).
LogModuleManager: Display: Found up-to-date module file ../../../Engine/Plugins/Runtime/ArchVisCharacter/Binaries/Win64/UE4Editor-ArchVisCharacter.dll (API version 3709383).
LogModuleManager: Display: Found up-to-date module file ../../../Engine/Plugins/Runtime/CableComponent/Binaries/Win64/UE4Editor-CableComponent.dll (API version 3709383).
LogModuleManager: Display: Found up-to-date module file ../../../Engine/Plugins/Runtime/CustomMeshComponent/Binaries/Win64/UE4Editor-CustomMeshComponent.dll (API version 3709383).
LogModuleManager: Display: Found up-to-date module file ../../../Engine/Plugins/Runtime/ExampleDeviceProfileSelector/Binaries/Win64/UE4Editor-ExampleDeviceProfileSelector.dll (API version 3709383).
LogModuleManager: Display: Found up-to-date module file ../../../Engine/Plugins/Runtime/ImmediatePhysics/Binaries/Win64/UE4Editor-ImmediatePhysics.dll (API version 3709383).
LogModuleManager: Display: Found up-to-date module file ../../../Engine/Plugins/Runtime/ImmediatePhysics/Binaries/Win64/UE4Editor-ImmediatePhysicsEditor.dll (API version 3709383).
LogModuleManager: Display: Found up-to-date module file ../../../Engine/Plugins/Runtime/LocationServicesBPLibrary/Binaries/Win64/UE4Editor-LocationServicesBPLibrary.dll (API version 3709383).
LogModuleManager: Display: Found up-to-date module file ../../../Engine/Plugins/Runtime/MobilePatchingUtils/Binaries/Win64/UE4Editor-MobilePatchingUtils.dll (API version 3709383).
LogModuleManager: Display: Found up-to-date module file ../../../Engine/Plugins/Runtime/Oculus/OculusVR/Binaries/Win64/UE4Editor-OculusHMD.dll (API version 3709383).
LogModuleManager: Display: Found up-to-date module file ../../../Engine/Plugins/Runtime/Oculus/OculusVR/Binaries/Win64/UE4Editor-OculusInput.dll (API version 3709383).
LogModuleManager: Display: Found up-to-date module file ../../../Engine/Plugins/Runtime/Oculus/OculusVR/Binaries/Win64/UE4Editor-OculusEditor.dll (API version 3709383).
LogModuleManager: Display: Found up-to-date module file ../../../Engine/Plugins/Runtime/PhysXVehicles/Binaries/Win64/UE4Editor-PhysXVehicles.dll (API version 3709383).
LogModuleManager: Display: Found up-to-date module file ../../../Engine/Plugins/Runtime/PhysXVehicles/Binaries/Win64/UE4Editor-PhysXVehiclesEditor.dll (API version 3709383).
LogModuleManager: Display: Found up-to-date module file ../../../Engine/Plugins/Runtime/ProceduralMeshComponent/Binaries/Win64/UE4Editor-ProceduralMeshComponent.dll (API version 3709383).
LogModuleManager: Display: Found up-to-date module file ../../../Engine/Plugins/Runtime/ProceduralMeshComponent/Binaries/Win64/UE4Editor-ProceduralMeshComponentEditor.dll (API version 3709383).
LogModuleManager: Display: Found up-to-date module file ../../../Engine/Plugins/Runtime/RuntimePhysXCooking/Binaries/Win64/UE4Editor-RuntimePhysXCooking.dll (API version 3709383).
LogModuleManager: Display: Found up-to-date module file ../../../Engine/Plugins/Runtime/Steam/SteamVR/Binaries/Win64/UE4Editor-SteamVR.dll (API version 3709383).
LogModuleManager: Display: Found up-to-date module file ../../../Engine/Plugins/Runtime/Steam/SteamVR/Binaries/Win64/UE4Editor-SteamVRController.dll (API version 3709383).
LogModuleManager: Display: Found up-to-date module file ../../../Engine/Plugins/Runtime/WindowsMoviePlayer/Binaries/Win64/UE4Editor-WindowsMoviePlayer.dll (API version 3709383).
LogPluginManager: Mounting plugin Paper2D
LogPluginManager: Mounting plugin LightPropagationVolume
LogPluginManager: Mounting plugin CodeLiteSourceCodeAccess
LogPluginManager: Mounting plugin GitSourceControl
LogPluginManager: Mounting plugin KDevelopSourceCodeAccess
LogPluginManager: Mounting plugin NullSourceCodeAccess
LogPluginManager: Mounting plugin PerforceSourceControl
LogPluginManager: Mounting plugin SubversionSourceControl
LogPluginManager: Mounting plugin UObjectPlugin
LogPluginManager: Mounting plugin VisualStudioCodeSourceCodeAccess
LogPluginManager: Mounting plugin VisualStudioSourceCodeAccess
LogPluginManager: Mounting plugin XCodeSourceCodeAccess
LogPluginManager: Mounting plugin AssetManagerEditor
LogPluginManager: Mounting plugin AudioCapture
LogPluginManager: Mounting plugin FacialAnimation
LogPluginManager: Mounting plugin GameplayTagsEditor
LogPluginManager: Mounting plugin MobileLauncherProfileWizard
LogPluginManager: Mounting plugin PluginBrowser
LogPluginManager: Mounting plugin SpeedTreeImporter
LogPluginManager: Mounting plugin AlembicImporter
LogPluginManager: Mounting plugin CharacterAI
LogPluginManager: Mounting plugin HTML5Networking
LogPluginManager: Mounting plugin Substance
LogPluginManager: Mounting plugin AndroidMedia
LogPluginManager: Mounting plugin AvfMedia
LogPluginManager: Mounting plugin ImgMedia
LogPluginManager: Mounting plugin MediaCompositing
LogPluginManager: Mounting plugin MediaPlayerEditor
LogPluginManager: Mounting plugin WmfMedia
LogPluginManager: Mounting plugin TcpMessaging
LogPluginManager: Mounting plugin UdpMessaging
LogPluginManager: Mounting plugin ActorSequence
LogPluginManager: Mounting plugin LevelSequenceEditor
LogPluginManager: Mounting plugin MatineeToLevelSequence
LogPluginManager: Mounting plugin OnlineSubsystemGooglePlay
LogPluginManager: Mounting plugin OnlineSubsystemIOS
LogPluginManager: Mounting plugin OnlineSubsystem
LogPluginManager: Mounting plugin OnlineSubsystemNull
LogPluginManager: Mounting plugin OnlineSubsystemUtils
LogPluginManager: Mounting plugin AndroidDeviceProfileSelector
LogPluginManager: Mounting plugin AndroidMoviePlayer
LogPluginManager: Mounting plugin AndroidPermission
LogPluginManager: Mounting plugin AppleARKit
LogPluginManager: Mounting plugin AppleMoviePlayer
LogPluginManager: Mounting plugin ArchVisCharacter
LogPluginManager: Mounting plugin CableComponent
LogPluginManager: Mounting plugin CustomMeshComponent
LogPluginManager: Mounting plugin ExampleDeviceProfileSelector
LogPluginManager: Mounting plugin GoogleCloudMessaging
LogPluginManager: Mounting plugin ImmediatePhysics
LogPluginManager: Mounting plugin IOSDeviceProfileSelector
LogPluginManager: Mounting plugin LinuxDeviceProfileSelector
LogPluginManager: Mounting plugin LocationServicesBPLibrary
LogPluginManager: Mounting plugin MobilePatchingUtils
LogPluginManager: Mounting plugin OculusVR
LogPluginManager: Plugin shader directory ../../../Engine/Plugins/Runtime/Oculus/OculusVR/Shaders found
LogPluginManager: Mapping shader source directory ../../../Engine/Plugins/Runtime/Oculus/OculusVR/Shaders to virtual directory /Plugin/OculusVR
LogPluginManager: Mounting plugin PhysXVehicles
LogPluginManager: Mounting plugin ProceduralMeshComponent
LogPluginManager: Mounting plugin RuntimePhysXCooking
LogPluginManager: Mounting plugin SteamVR
LogPluginManager: Mounting plugin WindowsMoviePlayer
LogInit: Using libcurl 7.47.1
LogInit:  - built for x86_64-pc-win32
LogInit:  - supports SSL with OpenSSL/1.0.2g
LogInit:  - supports HTTP deflate (compression) using libz 1.2.8
LogInit:  - other features:
LogInit:      CURL_VERSION_SSL
LogInit:      CURL_VERSION_LIBZ
LogInit:      CURL_VERSION_IPV6
LogInit:      CURL_VERSION_ASYNCHDNS
LogInit:      CURL_VERSION_LARGEFILE
LogInit:      CURL_VERSION_IDN
LogInit:  CurlRequestOptions (configurable via config and command line):
LogInit:  - bVerifyPeer = false  - Libcurl will NOT verify peer certificate
LogInit:  - bUseHttpProxy = false  - Libcurl will NOT use HTTP proxy
LogInit:  - bDontReuseConnections = false  - Libcurl will reuse connections
LogInit:  - CertBundlePath = nullptr  - Libcurl will use whatever was configured at build time.
LogInit: Build: ++UE4+Release-4.18-CL-3832480
LogInit: Engine Version: 4.18.3-3832480+++UE4+Release-4.18
LogInit: Compatible Engine Version: 4.18.0-3709383+++UE4+Release-4.18
LogInit: Net CL: 3709383
LogDevObjectVersion: Number of dev versions registered: 16
LogDevObjectVersion:   Dev-Blueprints (B0D832E4-1F89-4F0D-ACCF-7EB736FD4AA2): 10
LogDevObjectVersion:   Dev-Build (E1C64328-A22C-4D53-A36C-8E866417BD8C): 0
LogDevObjectVersion:   Dev-Core (375EC13C-06E4-48FB-B500-84F0262A717E): 2
LogDevObjectVersion:   Dev-Editor (E4B068ED-F494-42E9-A231-DA0B2E46BB41): 20
LogDevObjectVersion:   Dev-Framework (CFFC743F-43B0-4480-9391-14DF171D2073): 30
LogDevObjectVersion:   Dev-Mobile (B02B49B5-BB20-44E9-A304-32B752E40360): 0
LogDevObjectVersion:   Dev-Networking (A4E4105C-59A1-49B5-A7C5-40C4547EDFEE): 0
LogDevObjectVersion:   Dev-Online (39C831C9-5AE6-47DC-9A44-9C173E1C8E7C): 0
LogDevObjectVersion:   Dev-Physics (78F01B33-EBEA-4F98-B9B4-84EACCB95AA2): 0
LogDevObjectVersion:   Dev-Platform (6631380F-2D4D-43E0-8009-CF276956A95A): 0
LogDevObjectVersion:   Dev-Rendering (12F88B9F-8875-4AFC-A67C-D90C383ABD29): 20
LogDevObjectVersion:   Dev-Sequencer (7B5AE74C-D270-4C10-A958-57980B212A5A): 4
LogDevObjectVersion:   Dev-VR (D7296918-1DD6-4BDD-9DE2-64A83CC13884): 0
LogDevObjectVersion:   Dev-LoadTimes (C2A15278-BFE7-4AFE-6C17-90FF531DF755): 1
LogDevObjectVersion:   Private-Geometry (6EACA3D4-40EC-4CC1-B786-8BED09428FC5): 1
LogDevObjectVersion:   Dev-AnimPhys (29E575DD-E0A3-4627-9D10-D276232CDCEA): 12
LogInit: Compiled (64-bit): Jan 12 2018 02:04:55
LogInit: Compiled with Visual C++: 19.00.24215.01
LogInit: Build Configuration: Development
LogInit: Branch Name: ++UE4+Release-4.18
LogInit: Command line:  
LogInit: Base directory: E:/Program Files (x86)/Epic Games/UE_4.18/Engine/Binaries/Win64/
LogInit: Installed Engine Build: 1
LogInit: Presizing for max 8388607 objects, including 0 objects not considered by GC, pre-allocating 0 bytes for permanent pool.
LogInit: Object subsystem initialized
[2018.06.15-11.50.06:464][  0]LogInit: Selected Device Profile: [Windows]
[2018.06.15-11.50.06:464][  0]LogInit: Applying CVar settings loaded from the selected device profile: [Windows]
[2018.06.15-11.50.06:539][  0]LogInit: Computer: DESKTOP-Q46ESH1
[2018.06.15-11.50.06:539][  0]LogInit: User: lpmn
[2018.06.15-11.50.06:539][  0]LogInit: CPU Page size=4096, Cores=4
[2018.06.15-11.50.06:539][  0]LogInit: High frequency timer resolution =3.604939 MHz
[2018.06.15-11.50.06:540][  0]LogMemory: Memory total: Physical=15.9GB (16GB approx)
[2018.06.15-11.50.06:540][  0]LogMemory: Platform Memory Stats for Windows
[2018.06.15-11.50.06:540][  0]LogMemory: Process Physical Memory: 273.07 MB used, 273.07 MB peak
[2018.06.15-11.50.06:540][  0]LogMemory: Process Virtual Memory: 272.69 MB used, 272.69 MB peak
[2018.06.15-11.50.06:540][  0]LogMemory: Physical Memory: 5735.68 MB used,  10570.43 MB free, 16306.11 MB total
[2018.06.15-11.50.06:540][  0]LogMemory: Virtual Memory: 4777.20 MB used,  10570.43 MB free, 134217728.00 MB total
[2018.06.15-11.50.07:531][  0]LogInit: Using OS detected language (fr-FR).
[2018.06.15-11.50.07:531][  0]LogInit: Using OS detected locale (fr-FR).
[2018.06.15-11.50.07:725][  0]LogTextLocalizationManager: No localization for 'fr-FR' exists, so 'en' will be used for the language.
[2018.06.15-11.50.07:725][  0]LogTextLocalizationManager: No localization for 'fr-FR' exists, so 'en' will be used for the locale.
[2018.06.15-11.50.08:391][  0]LogInit: Setting process to per monitor DPI aware
[2018.06.15-11.50.10:790][  0]LogD3D11RHI: D3D11 adapters:
[2018.06.15-11.50.11:289][  0]LogD3D11RHI:    0. 'NVIDIA GeForce GTX 1080' (Feature Level 11_0)
[2018.06.15-11.50.11:289][  0]LogD3D11RHI:       8079/0/8153 MB DedicatedVideo/DedicatedSystem/SharedSystem, Outputs:1, VendorId:0x10de
[2018.06.15-11.50.11:291][  0]LogD3D11RHI:    1. 'Microsoft Basic Render Driver' (Feature Level 11_0)
[2018.06.15-11.50.11:291][  0]LogD3D11RHI:       0/0/8153 MB DedicatedVideo/DedicatedSystem/SharedSystem, Outputs:0, VendorId:0x1414
[2018.06.15-11.50.11:291][  0]LogD3D11RHI: Chosen D3D11 Adapter: 0
[2018.06.15-11.50.11:298][  0]LogD3D11RHI: Creating new Direct3DDevice
[2018.06.15-11.50.11:298][  0]LogD3D11RHI:     GPU DeviceId: 0x1b80 (for the marketing name, search the web for "GPU Device Id")
[2018.06.15-11.50.11:298][  0]LogWindows: EnumDisplayDevices:
[2018.06.15-11.50.11:298][  0]LogWindows:    0. 'NVIDIA GeForce GTX 1080' (P:1 D:1)
[2018.06.15-11.50.11:298][  0]LogWindows:    1. 'NVIDIA GeForce GTX 1080' (P:0 D:0)
[2018.06.15-11.50.11:298][  0]LogWindows:    2. 'NVIDIA GeForce GTX 1080' (P:0 D:0)
[2018.06.15-11.50.11:298][  0]LogWindows:    3. 'NVIDIA GeForce GTX 1080' (P:0 D:0)
[2018.06.15-11.50.11:298][  0]LogWindows: DebugString: GetVideoDriverDetailsInvalid PrimaryIsNotTheChoosenAdapter GetVideoDriverDetailsInvalid PrimaryIsNotTheChoosenAdapter GetVideoDriverDetailsInvalid PrimaryIsNotTheChoosenAdapter GetVideoDriverDetailsInvalid PrimaryIsNotTheChoosenAdapter FoundDriverCount:0 
[2018.06.15-11.50.11:298][  0]LogD3D11RHI:     Adapter Name: NVIDIA GeForce GTX 1080
[2018.06.15-11.50.11:298][  0]LogD3D11RHI:   Driver Version: Unknown (internal:Unknown, unified:Unknown)
[2018.06.15-11.50.11:298][  0]LogD3D11RHI:      Driver Date: Unknown
[2018.06.15-11.50.11:298][  0]LogRHI: Texture pool is 5655 MB (70% of 8079 MB)
[2018.06.15-11.50.11:615][  0]LogD3D11RHI: Async texture creation enabled
[2018.06.15-11.50.11:840][  0]LogD3D11RHI: GPU Timing Frequency: 1000.000000 (Debug: 2 38)
[2018.06.15-11.50.11:842][  0]LogShaderCompilers: Guid format shader working directory is -10 characters bigger than the processId version (C:/Users/lpmn/Documents/GitHub/PjrVincennes/VincennesVR/Intermediate/Shaders/WorkingDirectory/3460/).
[2018.06.15-11.50.11:842][  0]LogShaderCompilers: Cleaned the shader compiler working directory 'C:/Users/lpmn/AppData/Local/Temp/UnrealShaderWorkingDir/C4AF60444543E0FF6B5A04BE6E741D1C/'.
[2018.06.15-11.50.11:842][  0]LogShaderCompilers: Display: Using Local Shader Compiler.
[2018.06.15-11.50.14:533][  0]LogTemp: Display: Loaded TP AllDesktopTargetPlatform
[2018.06.15-11.50.14:584][  0]LogTemp: Display: Loaded TP MacClientTargetPlatform
[2018.06.15-11.50.14:634][  0]LogTemp: Display: Loaded TP MacNoEditorTargetPlatform
[2018.06.15-11.50.14:682][  0]LogTemp: Display: Loaded TP MacServerTargetPlatform
[2018.06.15-11.50.14:742][  0]LogTemp: Display: Loaded TP MacTargetPlatform
[2018.06.15-11.50.14:794][  0]LogTemp: Display: Loaded TP WindowsClientTargetPlatform
[2018.06.15-11.50.14:839][  0]LogTemp: Display: Loaded TP WindowsNoEditorTargetPlatform
[2018.06.15-11.50.14:888][  0]LogTemp: Display: Loaded TP WindowsServerTargetPlatform
[2018.06.15-11.50.14:925][  0]LogTemp: Display: Loaded TP WindowsTargetPlatform
[2018.06.15-11.50.14:973][  0]LogTemp: Display: Loaded TP Android_ASTCTargetPlatform
[2018.06.15-11.50.15:020][  0]LogTemp: Display: Loaded TP Android_ATCTargetPlatform
[2018.06.15-11.50.15:066][  0]LogTemp: Display: Loaded TP Android_DXTTargetPlatform
[2018.06.15-11.50.15:107][  0]LogTemp: Display: Loaded TP Android_ETC1TargetPlatform
[2018.06.15-11.50.15:153][  0]LogTemp: Display: Loaded TP Android_ETC2TargetPlatform
[2018.06.15-11.50.15:249][  0]LogTemp: Display: Loaded TP Android_MultiTargetPlatform
[2018.06.15-11.50.15:249][  0]LogTemp: Display: Loaded TP Android_PVRTCTargetPlatform
[2018.06.15-11.50.15:303][  0]LogTemp: Display: Loaded TP AndroidTargetPlatform
[2018.06.15-11.50.15:343][  0]LogTemp: Display: Loaded TP HTML5TargetPlatform
[2018.06.15-11.50.15:525][  0]LogTemp: Display: Loaded TP IOSTargetPlatform
[2018.06.15-11.50.15:561][  0]LogTemp: Display: Loaded TP TVOSTargetPlatform
[2018.06.15-11.50.15:604][  0]LogTemp: Display: Loaded TP LinuxClientTargetPlatform
[2018.06.15-11.50.15:652][  0]LogTemp: Display: Loaded TP LinuxNoEditorTargetPlatform
[2018.06.15-11.50.15:708][  0]LogTemp: Display: Loaded TP LinuxServerTargetPlatform
[2018.06.15-11.50.15:762][  0]LogTemp: Display: Loaded TP LinuxTargetPlatform
[2018.06.15-11.50.15:762][  0]LogTargetPlatformManager: Display: Building Assets For Windows
[2018.06.15-11.50.16:742][  0]LogDerivedDataCache: Display: Max Cache Size: 512 MB
[2018.06.15-11.50.17:034][  0]LogDerivedDataCache: Loaded boot cache 0.29s 79MB C:/Users/lpmn/AppData/Local/UnrealEngine/4.18/DerivedDataCache/Boot.ddc.
[2018.06.15-11.50.17:034][  0]LogDerivedDataCache: Display: Loaded Boot cache: C:/Users/lpmn/AppData/Local/UnrealEngine/4.18/DerivedDataCache/Boot.ddc
[2018.06.15-11.50.17:034][  0]LogDerivedDataCache: FDerivedDataBackendGraph:  Pak pak cache file C:/Users/lpmn/Documents/GitHub/PjrVincennes/VincennesVR/DerivedDataCache/DDC.ddp not found, will not use a pak cache.
[2018.06.15-11.50.17:034][  0]LogDerivedDataCache: Unable to find inner node Pak for hierarchical cache Hierarchy.
[2018.06.15-11.50.17:034][  0]LogDerivedDataCache: FDerivedDataBackendGraph:  CompressedPak pak cache file C:/Users/lpmn/Documents/GitHub/PjrVincennes/VincennesVR/DerivedDataCache/Compressed.ddp not found, will not use a pak cache.
[2018.06.15-11.50.17:034][  0]LogDerivedDataCache: Unable to find inner node CompressedPak for hierarchical cache Hierarchy.
[2018.06.15-11.50.17:086][  0]LogDerivedDataCache: Display: Pak cache opened for reading ../../../Engine/DerivedDataCache/Compressed.ddp.
[2018.06.15-11.50.17:099][  0]LogDerivedDataCache: Using Local data cache path C:/Users/lpmn/AppData/Local/UnrealEngine/Common/DerivedDataCache: Writable
[2018.06.15-11.50.17:109][  0]LogMaterial: Verifying Global Shaders for PCD3D_SM5
[2018.06.15-11.50.17:109][  0]LogSlate: Using Freetype 2.6.0
[2018.06.15-11.50.17:182][  0]LogSlate: SlateFontCache - WITH_FREETYPE: 1, WITH_HARFBUZZ: 1
[2018.06.15-11.50.17:182][  0]LogSlate: SlateFontCache - WITH_FREETYPE: 1, WITH_HARFBUZZ: 1
[2018.06.15-11.50.21:501][  0]LogInit: Selected Device Profile: [Windows]
[2018.06.15-11.50.22:443][  0]LogSimplygon: Simplygon DLL not present - disabling.
[2018.06.15-11.50.22:515][  0]LogMeshReduction: Using SimplygonSwarm for distributed automatic mesh merging
[2018.06.15-11.50.22:520][  0]LogMeshReduction: Using QuadricMeshReduction for automatic static mesh reduction
[2018.06.15-11.50.22:521][  0]LogMeshReduction: No automatic skeletal mesh reduction module available
[2018.06.15-11.50.22:521][  0]LogMeshReduction: No automatic mesh merging module available
[2018.06.15-11.50.22:521][  0]LogMeshMerging: No automatic mesh merging module available
[2018.06.15-11.50.22:652][  0]LogNetVersion: VincennesVR , NetCL: 3709383, EngineNetVer: 2, GameNetVer: 0 (Checksum: 49217572)
[2018.06.15-11.50.23:323][  0]LogAssetRegistry: FAssetRegistry took 0.0275 seconds to start up
[2018.06.15-11.50.25:287][  0]LogAssetRegistry: Error: Failed to open file for write C:/Users/lpmn/Documents/GitHub/PjrVincennes/VincennesVR/Intermediate/CachedAssetRegistry.bin
[2018.06.15-11.50.25:287][  0]LogAssetRegistry: Error: Failed to open file for write C:/Users/lpmn/Documents/GitHub/PjrVincennes/VincennesVR/Intermediate/AssetRegistryCache/2657c409.bin
[2018.06.15-11.50.25:294][  0]LogAssetRegistry: Error: Failed to open file for write C:/Users/lpmn/Documents/GitHub/PjrVincennes/VincennesVR/Intermediate/AssetRegistryCache/8c0e1344.bin
[2018.06.15-11.50.25:300][  0]LogAssetRegistry: Error: Failed to open file for write C:/Users/lpmn/Documents/GitHub/PjrVincennes/VincennesVR/Intermediate/AssetRegistryCache/52ed2538.bin
[2018.06.15-11.50.25:304][  0]LogFileManager: Warning: MoveFile was unable to move 'C:/Users/lpmn/Documents/GitHub/PjrVincennes/VincennesVR/Intermediate/AssetRegistryCache/2f5244c7.bin.tmp' to 'C:/Users/lpmn/Documents/GitHub/PjrVincennes/VincennesVR/Intermediate/AssetRegistryCache/2f5244c7.bin', retrying in .5s...
[2018.06.15-11.50.25:806][  0]LogFileManager: Warning: MoveFile was unable to move 'C:/Users/lpmn/Documents/GitHub/PjrVincennes/VincennesVR/Intermediate/AssetRegistryCache/2f5244c7.bin.tmp' to 'C:/Users/lpmn/Documents/GitHub/PjrVincennes/VincennesVR/Intermediate/AssetRegistryCache/2f5244c7.bin', retrying in .5s...
[2018.06.15-11.50.26:307][  0]LogFileManager: Warning: MoveFile was unable to move 'C:/Users/lpmn/Documents/GitHub/PjrVincennes/VincennesVR/Intermediate/AssetRegistryCache/2f5244c7.bin.tmp' to 'C:/Users/lpmn/Documents/GitHub/PjrVincennes/VincennesVR/Intermediate/AssetRegistryCache/2f5244c7.bin', retrying in .5s...
[2018.06.15-11.50.26:807][  0]LogFileManager: Warning: MoveFile was unable to move 'C:/Users/lpmn/Documents/GitHub/PjrVincennes/VincennesVR/Intermediate/AssetRegistryCache/2f5244c7.bin.tmp' to 'C:/Users/lpmn/Documents/GitHub/PjrVincennes/VincennesVR/Intermediate/AssetRegistryCache/2f5244c7.bin', retrying in .5s...
[2018.06.15-11.50.27:307][  0]LogFileManager: Warning: MoveFile was unable to move 'C:/Users/lpmn/Documents/GitHub/PjrVincennes/VincennesVR/Intermediate/AssetRegistryCache/2f5244c7.bin.tmp' to 'C:/Users/lpmn/Documents/GitHub/PjrVincennes/VincennesVR/Intermediate/AssetRegistryCache/2f5244c7.bin', retrying in .5s...
[2018.06.15-11.50.27:808][  0]LogFileManager: Warning: MoveFile was unable to move 'C:/Users/lpmn/Documents/GitHub/PjrVincennes/VincennesVR/Intermediate/AssetRegistryCache/2f5244c7.bin.tmp' to 'C:/Users/lpmn/Documents/GitHub/PjrVincennes/VincennesVR/Intermediate/AssetRegistryCache/2f5244c7.bin', retrying in .5s...
[2018.06.15-11.50.28:308][  0]LogFileManager: Warning: MoveFile was unable to move 'C:/Users/lpmn/Documents/GitHub/PjrVincennes/VincennesVR/Intermediate/AssetRegistryCache/2f5244c7.bin.tmp' to 'C:/Users/lpmn/Documents/GitHub/PjrVincennes/VincennesVR/Intermediate/AssetRegistryCache/2f5244c7.bin', retrying in .5s...
[2018.06.15-11.50.28:809][  0]LogFileManager: Warning: MoveFile was unable to move 'C:/Users/lpmn/Documents/GitHub/PjrVincennes/VincennesVR/Intermediate/AssetRegistryCache/2f5244c7.bin.tmp' to 'C:/Users/lpmn/Documents/GitHub/PjrVincennes/VincennesVR/Intermediate/AssetRegistryCache/2f5244c7.bin', retrying in .5s...
[2018.06.15-11.50.29:309][  0]LogFileManager: Warning: MoveFile was unable to move 'C:/Users/lpmn/Documents/GitHub/PjrVincennes/VincennesVR/Intermediate/AssetRegistryCache/2f5244c7.bin.tmp' to 'C:/Users/lpmn/Documents/GitHub/PjrVincennes/VincennesVR/Intermediate/AssetRegistryCache/2f5244c7.bin', retrying in .5s...
[2018.06.15-11.50.29:810][  0]LogFileManager: Warning: MoveFile was unable to move 'C:/Users/lpmn/Documents/GitHub/PjrVincennes/VincennesVR/Intermediate/AssetRegistryCache/2f5244c7.bin.tmp' to 'C:/Users/lpmn/Documents/GitHub/PjrVincennes/VincennesVR/Intermediate/AssetRegistryCache/2f5244c7.bin', retrying in .5s...
[2018.06.15-11.50.30:310][  0]LogFileManager: Error: Error moving file 'C:/Users/lpmn/Documents/GitHub/PjrVincennes/VincennesVR/Intermediate/AssetRegistryCache/2f5244c7.bin.tmp' to 'C:/Users/lpmn/Documents/GitHub/PjrVincennes/VincennesVR/Intermediate/AssetRegistryCache/2f5244c7.bin'.
[2018.06.15-11.50.30:320][  0]LogPackageLocalizationCache: Processed 7 localized package path(s) for 1 prioritized culture(s) in 5.034343 seconds
[2018.06.15-11.50.30:326][  0]LogUObjectArray: 35870 objects as part of root set at end of initial load.
[2018.06.15-11.50.30:326][  0]LogUObjectAllocator: 7363696 out of 0 bytes used by permanent object pool.
[2018.06.15-11.50.30:326][  0]LogUObjectArray: CloseDisregardForGC: 0/0 objects in disregard for GC pool
[2018.06.15-11.50.30:375][  0]LogInit: WinSock: version 1.1 (2.2), MaxSocks=32767, MaxUdp=65467
[2018.06.15-11.50.34:003][  0]LogSubstanceCoreModule: Substance [CPU] Engine Loaded, Max Texture Size = 2048
[2018.06.15-11.50.34:077][  0]LogTcpMessaging: Initializing TcpMessaging bridge
[2018.06.15-11.50.34:119][  0]LogUdpMessaging: Initializing bridge on interface 0.0.0.0:0 to multicast group 230.0.0.1:6666.
[2018.06.15-11.50.35:098][  0]LogMaterial: Uniform references updated for custom material expression Custom.
[2018.06.15-11.50.35:681][  0]SourceControl: Source control is disabled
[2018.06.15-11.50.35:681][  0]SourceControl: Source control is disabled
[2018.06.15-11.50.35:726][  0]SourceControl: Source control is disabled
[2018.06.15-11.50.35:778][  0]SourceControl: Source control is disabled
[2018.06.15-11.50.36:708][  0]LogAndroidPermission: UAndroidPermissionCallbackProxy::GetInstance
[2018.06.15-11.50.36:998][  0]LogOcInput: OculusInput pre-init called
[2018.06.15-11.50.37:799][  0]LogEngine: Initializing Engine...
[2018.06.15-11.50.37:947][  0]LogHMD: Failed to initialize OpenVR with code 126
[2018.06.15-11.50.40:119][  0]LogStats: UGameplayTagsManager::ConstructGameplayTagTree: Construct from data asset -  0.000 s
[2018.06.15-11.50.40:119][  0]LogStats: UGameplayTagsManager::ConstructGameplayTagTree: GameplayTagTreeChangedEvent.Broadcast -  0.000 s
[2018.06.15-11.50.40:362][  0]LogAIModule: Creating AISystem for world Untitled
[2018.06.15-11.50.40:378][  0]LogInit: XAudio2 using 'Haut-parleurs / écouteurs (Realtek Audio)' : 2 channels at 48 kHz using 32 bits per sample (channel mask 0x3)
[2018.06.15-11.50.40:411][  0]LogInit: FAudioDevice initialized.
[2018.06.15-11.50.40:423][  0]LogDerivedDataCache: Error: Could not save memory cache C:/Users/lpmn/AppData/Local/UnrealEngine/4.18/DerivedDataCache/Boot.ddc.
[2018.06.15-11.50.40:443][  0]LogInit: Texture streaming: Enabled
[2018.06.15-11.50.40:561][  0]LogEngineSessionManager: EngineSessionManager initialized
[2018.06.15-11.50.40:700][  0]LogInit: Transaction tracking system initialized
[2018.06.15-11.50.41:154][  0]BlueprintLog: New page: Editor Load
[2018.06.15-11.50.43:769][  0]LocalizationService: Localization service is disabled
[2018.06.15-11.50.45:497][  0]LogConsoleResponse: Display: 
[2018.06.15-11.50.47:214][  0]LogCook: Display: Max memory allowance for cook 16384mb min free memory 0mb
[2018.06.15-11.50.47:214][  0]LogCook: Display: Mobile HDR setting 1
[2018.06.15-11.50.47:214][  0]LogGameplayTags: Display: UGameplayTagsManager::DoneAddingNativeTags. DelegateIsBound: 0
[2018.06.15-11.50.48:302][  0]LogFileCache: Scanning file cache for directory 'C:/Users/lpmn/Documents/GitHub/PjrVincennes/VincennesVR/Content/' took 0.03s
[2018.06.15-11.50.49:460][  0]SourceControl: Source control is disabled
[2018.06.15-11.50.49:460][  0]Cmd: MAP LOAD FILE="C:/Users/lpmn/Documents/GitHub/PjrVincennes/VincennesVR/Content/VirtualRealityBP/Maps/DonjonMap.umap" TEMPLATE=0 SHOWPROGRESS=1 FEATURELEVEL=3
[2018.06.15-11.50.49:461][  0]LightingResults: New page: Lighting Build
[2018.06.15-11.50.49:508][  0]MapCheck: New page: Map Check
[2018.06.15-11.50.49:508][  0]LightingResults: New page: Lighting Build
[2018.06.15-11.50.55:401][  0]LogAIModule: Creating AISystem for world DonjonMap
[2018.06.15-11.50.55:419][  0]LogEditorServer: Finished looking for orphan Actors (0.000 secs)
[2018.06.15-11.50.55:483][  0]Cmd: MAP CHECKDEP NOCLEARLOG
[2018.06.15-11.50.55:573][  0]MapCheck: Map check complete: 0 Error(s), 0 Warning(s), took 90.024ms to complete.
[2018.06.15-11.50.55:573][  0]LogFileHelpers: Loading map 'DonjonMap' took 6.113
[2018.06.15-11.50.55:808][  0]LogCollectionManager: Loaded 0 collections in 0.000961 seconds
[2018.06.15-11.50.55:884][  0]LogFileCache: Scanning file cache for directory 'C:/Users/lpmn/Documents/GitHub/PjrVincennes/VincennesVR/Saved/Collections/' took 0.01s
[2018.06.15-11.50.55:884][  0]LogFileCache: Scanning file cache for directory 'C:/Users/lpmn/Documents/GitHub/PjrVincennes/VincennesVR/Content/Developers/lpmn/Collections/' took 0.01s
[2018.06.15-11.50.55:884][  0]LogFileCache: Scanning file cache for directory 'C:/Users/lpmn/Documents/GitHub/PjrVincennes/VincennesVR/Content/Collections/' took 0.01s
[2018.06.15-11.50.55:884][  0]LogCollectionManager: Rebuilt the GUID cache for 0 collections in 0.000000 seconds
[2018.06.15-11.50.55:892][  0]LogContentBrowser: Native class hierarchy populated in 0.0079 seconds. Added 2377 classes and 525 folders.
[2018.06.15-11.50.55:959][  0]LogContentBrowser: Native class hierarchy updated for 'WidgetCarousel' in 0.0002 seconds. Added 0 classes and 0 folders.
[2018.06.15-11.50.56:989][  0]LogContentBrowser: Native class hierarchy updated for 'AddContentDialog' in 0.0002 seconds. Added 0 classes and 0 folders.
[2018.06.15-11.50.57:048][  0]LogContentBrowser: Native class hierarchy updated for 'SceneOutliner' in 0.0004 seconds. Added 1 classes and 2 folders.
[2018.06.15-11.50.57:182][  0]LogSlate: Took 0.014472 seconds to synchronously load lazily loaded font '../../../Engine/Content/Slate/Fonts/Roboto-Regular.ttf' (155K)
[2018.06.15-11.50.57:195][  0]LogSlate: Took 0.011321 seconds to synchronously load lazily loaded font '../../../Engine/Content/Slate/Fonts/Roboto-Bold.ttf' (160K)
[2018.06.15-11.50.57:210][  0]LogSlate: Took 0.011347 seconds to synchronously load lazily loaded font '../../../Engine/Content/Editor/Slate/Fonts/FontAwesome.ttf' (139K)
[2018.06.15-11.50.57:407][  0]LogRenderer: Reallocating scene render targets to support 1116x488 Format 26 NumSamples 1 (Frame:1).
[2018.06.15-11.50.57:588][  0]LogContentBrowser: Native class hierarchy updated for 'HierarchicalLODOutliner' in 0.0004 seconds. Added 1 classes and 2 folders.
[2018.06.15-11.50.57:588][  0]LogLoad: (Engine Initialization) Total time: 62.74 seconds
[2018.06.15-11.50.57:588][  0]LogLoad: (Engine Initialization) Total Blueprint compile time: 0.00 seconds
[2018.06.15-11.50.57:588][  0]LogExternalProfiler: No external profilers were discovered.  External profiling features will not be available.
[2018.06.15-11.50.57:948][  0]LogContentStreaming: Texture pool size now 1000 MB
[2018.06.15-11.50.58:104][  0]LogSlate: Took 0.002610 seconds to synchronously load lazily loaded font '../../../Engine/Content/Slate/Fonts/Roboto-Light.ttf' (159K)
[2018.06.15-11.50.58:109][  1]LogSubstanceLiveLink: Warning: Unable to send data along socket, closing connection
[2018.06.15-11.50.58:274][  1]LogAssetRegistry: Asset discovery search completed in 34.9738 seconds
[2018.06.15-11.50.58:276][  1]LogCollectionManager: Rebuilt the object cache for 0 collections in 0.000000 seconds (found 0 objects)
[2018.06.15-11.50.58:276][  1]LogCollectionManager: Fixed up redirectors for 0 collections in 0.000051 seconds (updated 0 objects)
[2018.06.15-11.51.01:217][ 10]LogD3D11RHI: Timed out while waiting for GPU to catch up. (0.5 s)
[2018.06.15-11.51.01:717][ 11]LogD3D11RHI: Timed out while waiting for GPU to catch up. (0.5 s)
[2018.06.15-11.51.02:218][ 12]LogD3D11RHI: Timed out while waiting for GPU to catch up. (0.5 s)
[2018.06.15-11.51.02:720][ 13]LogD3D11RHI: Timed out while waiting for GPU to catch up. (0.5 s)
[2018.06.15-11.51.03:220][ 14]LogD3D11RHI: Timed out while waiting for GPU to catch up. (0.5 s)
[2018.06.15-11.51.03:962][ 15]LogD3D11RHI: Timed out while waiting for GPU to catch up. (0.5 s)
[2018.06.15-11.51.04:463][ 16]LogD3D11RHI: Timed out while waiting for GPU to catch up. (0.5 s)
[2018.06.15-11.51.06:193][ 20]LogD3D11RHI: Timed out while waiting for GPU to catch up. (0.5 s)
[2018.06.15-11.51.06:979][ 22]LogD3D11RHI: Timed out while waiting for GPU to catch up. (0.5 s)
[2018.06.15-11.51.08:623][ 27]LogD3D11RHI: Timed out while waiting for GPU to catch up. (0.5 s)
[2018.06.15-11.51.15:287][ 47]LogD3D11RHI: Timed out while waiting for GPU to catch up. (0.5 s)
[2018.06.15-11.51.15:788][ 48]LogD3D11RHI: Timed out while waiting for GPU to catch up. (0.5 s)
[2018.06.15-11.51.16:289][ 49]LogD3D11RHI: Timed out while waiting for GPU to catch up. (0.5 s)
[2018.06.15-11.51.16:789][ 50]LogD3D11RHI: Timed out while waiting for GPU to catch up. (0.5 s)
[2018.06.15-11.51.17:290][ 51]LogD3D11RHI: Timed out while waiting for GPU to catch up. (0.5 s)
[2018.06.15-11.51.17:948][ 52]LogD3D11RHI: Timed out while waiting for GPU to catch up. (0.5 s)
[2018.06.15-11.51.18:622][ 53]LogD3D11RHI: Timed out while waiting for GPU to catch up. (0.5 s)
[2018.06.15-11.51.21:479][ 62]LogD3D11RHI: Timed out while waiting for GPU to catch up. (0.5 s)
[2018.06.15-11.51.21:981][ 63]LogD3D11RHI: Timed out while waiting for GPU to catch up. (0.5 s)
[2018.06.15-11.51.24:043][ 68]LogD3D11RHI: Timed out while waiting for GPU to catch up. (0.5 s)
[2018.06.15-11.51.24:543][ 69]LogD3D11RHI: Timed out while waiting for GPU to catch up. (0.5 s)
[2018.06.15-11.51.25:043][ 70]LogD3D11RHI: Timed out while waiting for GPU to catch up. (0.5 s)
[2018.06.15-11.51.25:544][ 71]LogD3D11RHI: Timed out while waiting for GPU to catch up. (0.5 s)
[2018.06.15-11.51.28:435][ 80]LogD3D11RHI: Timed out while waiting for GPU to catch up. (0.5 s)
[2018.06.15-11.51.30:103][ 85]LogD3D11RHI: Timed out while waiting for GPU to catch up. (0.5 s)
[2018.06.15-11.51.38:436][110]LogD3D11RHI: Timed out while waiting for GPU to catch up. (0.5 s)
[2018.06.15-11.51.43:103][124]LogD3D11RHI: Timed out while waiting for GPU to catch up. (0.5 s)
[2018.06.15-11.51.43:603][125]LogD3D11RHI: Timed out while waiting for GPU to catch up. (0.5 s)
[2018.06.15-11.51.44:104][126]LogD3D11RHI: Timed out while waiting for GPU to catch up. (0.5 s)
[2018.06.15-11.51.45:803][129]LogD3D11RHI: Timed out while waiting for GPU to catch up. (0.5 s)
[2018.06.15-11.51.46:303][130]LogD3D11RHI: Timed out while waiting for GPU to catch up. (0.5 s)
[2018.06.15-11.51.48:149][136]LogD3D11RHI: Timed out while waiting for GPU to catch up. (0.5 s)
[2018.06.15-11.51.49:149][139]LogD3D11RHI: Timed out while waiting for GPU to catch up. (0.5 s)
[2018.06.15-11.51.52:148][148]LogD3D11RHI: Timed out while waiting for GPU to catch up. (0.5 s)
[2018.06.15-11.51.52:649][149]LogD3D11RHI: Timed out while waiting for GPU to catch up. (0.5 s)
[2018.06.15-11.51.53:513][152]LogD3D11RHI: Timed out while waiting for GPU to catch up. (0.5 s)
[2018.06.15-11.52.02:828][180]LogD3D11RHI: Timed out while waiting for GPU to catch up. (0.5 s)
[2018.06.15-11.52.08:160][196]LogD3D11RHI: Timed out while waiting for GPU to catch up. (0.5 s)
[2018.06.15-11.52.08:661][197]LogD3D11RHI: Timed out while waiting for GPU to catch up. (0.5 s)
[2018.06.15-11.52.12:838][210]LogD3D11RHI: Timed out while waiting for GPU to catch up. (0.5 s)
[2018.06.15-11.52.13:340][211]LogD3D11RHI: Timed out while waiting for GPU to catch up. (0.5 s)
[2018.06.15-11.52.13:841][212]LogD3D11RHI: Timed out while waiting for GPU to catch up. (0.5 s)
[2018.06.15-11.52.26:017][249]LogD3D11RHI: Timed out while waiting for GPU to catch up. (0.5 s)
[2018.06.15-11.52.26:518][250]LogD3D11RHI: Timed out while waiting for GPU to catch up. (0.5 s)
[2018.06.15-11.52.31:163][264]LogD3D11RHI: Timed out while waiting for GPU to catch up. (0.5 s)
[2018.06.15-11.52.32:753][269]LogD3D11RHI: Timed out while waiting for GPU to catch up. (0.5 s)
[2018.06.15-11.52.33:751][272]LogD3D11RHI: Timed out while waiting for GPU to catch up. (0.5 s)
[2018.06.15-11.52.34:251][273]LogD3D11RHI: Timed out while waiting for GPU to catch up. (0.5 s)
[2018.06.15-11.52.39:431][289]LogD3D11RHI: Timed out while waiting for GPU to catch up. (0.5 s)
[2018.06.15-11.52.48:097][315]LogD3D11RHI: Timed out while waiting for GPU to catch up. (0.5 s)
[2018.06.15-11.52.52:097][327]LogD3D11RHI: Timed out while waiting for GPU to catch up. (0.5 s)
[2018.06.15-11.52.52:763][329]LogD3D11RHI: Timed out while waiting for GPU to catch up. (0.5 s)
[2018.06.15-11.52.53:764][332]LogD3D11RHI: Timed out while waiting for GPU to catch up. (0.5 s)
[2018.06.15-11.52.57:431][343]LogD3D11RHI: Timed out while waiting for GPU to catch up. (0.5 s)
[2018.06.15-11.52.58:098][345]LogD3D11RHI: Timed out while waiting for GPU to catch up. (0.5 s)
[2018.06.15-11.52.59:099][348]LogD3D11RHI: Timed out while waiting for GPU to catch up. (0.5 s)
[2018.06.15-11.52.59:600][349]LogD3D11RHI: Timed out while waiting for GPU to catch up. (0.5 s)
[2018.06.15-11.53.01:813][356]LogD3D11RHI: Timed out while waiting for GPU to catch up. (0.5 s)
[2018.06.15-11.53.02:314][357]LogD3D11RHI: Timed out while waiting for GPU to catch up. (0.5 s)
[2018.06.15-11.53.03:664][360]LogD3D11RHI: Timed out while waiting for GPU to catch up. (0.5 s)
[2018.06.15-11.53.09:510][378]LogD3D11RHI: Timed out while waiting for GPU to catch up. (0.5 s)
[2018.06.15-11.53.11:177][383]LogD3D11RHI: Timed out while waiting for GPU to catch up. (0.5 s)
[2018.06.15-11.53.11:677][384]LogD3D11RHI: Timed out while waiting for GPU to catch up. (0.5 s)
[2018.06.15-11.53.12:477][385]LogD3D11RHI: Timed out while waiting for GPU to catch up. (0.5 s)
[2018.06.15-11.53.13:979][386]LogD3D11RHI: Timed out while waiting for GPU to catch up. (0.5 s)
[2018.06.15-11.53.14:843][388]LogD3D11RHI: Timed out while waiting for GPU to catch up. (0.5 s)
[2018.06.15-11.53.16:022][392]LogD3D11RHI: Timed out while waiting for GPU to catch up. (0.5 s)
[2018.06.15-11.53.16:522][393]LogD3D11RHI: Timed out while waiting for GPU to catch up. (0.5 s)
[2018.06.15-11.53.17:023][394]LogD3D11RHI: Timed out while waiting for GPU to catch up. (0.5 s)
[2018.06.15-11.53.17:688][395]LogD3D11RHI: Timed out while waiting for GPU to catch up. (0.5 s)
[2018.06.15-11.53.18:693][396]LogD3D11RHI: Timed out while waiting for GPU to catch up. (0.5 s)
[2018.06.15-11.53.19:487][398]LogD3D11RHI: Timed out while waiting for GPU to catch up. (0.5 s)
[2018.06.15-11.53.19:987][399]LogD3D11RHI: Timed out while waiting for GPU to catch up. (0.5 s)
[2018.06.15-11.53.20:698][400]LogD3D11RHI: Timed out while waiting for GPU to catch up. (0.5 s)
[2018.06.15-11.53.21:198][401]LogD3D11RHI: Timed out while waiting for GPU to catch up. (0.5 s)
[2018.06.15-11.53.21:982][403]LogD3D11RHI: Timed out while waiting for GPU to catch up. (0.5 s)
[2018.06.15-11.53.24:827][412]LogD3D11RHI: Timed out while waiting for GPU to catch up. (0.5 s)
[2018.06.15-11.53.27:494][420]LogD3D11RHI: Timed out while waiting for GPU to catch up. (0.5 s)
[2018.06.15-11.53.34:606][441]LogD3D11RHI: Timed out while waiting for GPU to catch up. (0.5 s)
[2018.06.15-11.53.36:827][448]LogD3D11RHI: Timed out while waiting for GPU to catch up. (0.5 s)
[2018.06.15-11.53.39:159][455]LogD3D11RHI: Timed out while waiting for GPU to catch up. (0.5 s)
[2018.06.15-11.53.39:660][456]LogD3D11RHI: Timed out while waiting for GPU to catch up. (0.5 s)
[2018.06.15-11.53.40:741][458]LogD3D11RHI: Timed out while waiting for GPU to catch up. (0.5 s)
[2018.06.15-11.53.41:541][460]LogD3D11RHI: Timed out while waiting for GPU to catch up. (0.5 s)
[2018.06.15-11.53.42:803][464]LogD3D11RHI: Timed out while waiting for GPU to catch up. (0.5 s)
[2018.06.15-11.53.59:720][515]LogD3D11RHI: Timed out while waiting for GPU to catch up. (0.5 s)
[2018.06.15-11.54.00:720][518]LogD3D11RHI: Timed out while waiting for GPU to catch up. (0.5 s)
[2018.06.15-11.54.01:532][520]LogD3D11RHI: Timed out while waiting for GPU to catch up. (0.5 s)
[2018.06.15-11.54.02:032][521]LogD3D11RHI: Timed out while waiting for GPU to catch up. (0.5 s)
[2018.06.15-11.54.03:544][526]LogD3D11RHI: Timed out while waiting for GPU to catch up. (0.5 s)
[2018.06.15-11.54.08:023][539]LogD3D11RHI: Timed out while waiting for GPU to catch up. (0.5 s)
[2018.06.15-11.54.09:356][543]LogD3D11RHI: Timed out while waiting for GPU to catch up. (0.5 s)
[2018.06.15-11.54.16:690][565]LogD3D11RHI: Timed out while waiting for GPU to catch up. (0.5 s)
[2018.06.15-11.54.17:689][568]LogD3D11RHI: Timed out while waiting for GPU to catch up. (0.5 s)
[2018.06.15-11.54.18:356][570]LogD3D11RHI: Timed out while waiting for GPU to catch up. (0.5 s)
[2018.06.15-11.54.19:356][573]LogD3D11RHI: Timed out while waiting for GPU to catch up. (0.5 s)
[2018.06.15-11.54.20:023][575]LogD3D11RHI: Timed out while waiting for GPU to catch up. (0.5 s)
[2018.06.15-11.54.20:855][577]LogD3D11RHI: Timed out while waiting for GPU to catch up. (0.5 s)
[2018.06.15-11.54.21:356][578]LogD3D11RHI: Timed out while waiting for GPU to catch up. (0.5 s)
[2018.06.15-11.54.21:857][579]LogD3D11RHI: Timed out while waiting for GPU to catch up. (0.5 s)
[2018.06.15-11.54.22:671][580]LogD3D11RHI: Timed out while waiting for GPU to catch up. (0.5 s)
[2018.06.15-11.54.23:292][581]LogD3D11RHI: Timed out while waiting for GPU to catch up. (0.5 s)
[2018.06.15-11.54.24:913][586]LogD3D11RHI: Timed out while waiting for GPU to catch up. (0.5 s)
[2018.06.15-11.54.26:581][591]LogD3D11RHI: Timed out while waiting for GPU to catch up. (0.5 s)
[2018.06.15-11.54.27:081][592]LogD3D11RHI: Timed out while waiting for GPU to catch up. (0.5 s)
[2018.06.15-11.54.28:583][593]LogD3D11RHI: Timed out while waiting for GPU to catch up. (0.5 s)
[2018.06.15-11.54.29:780][595]LogD3D11RHI: Timed out while waiting for GPU to catch up. (0.5 s)
[2018.06.15-11.54.31:998][602]LogD3D11RHI: Timed out while waiting for GPU to catch up. (0.5 s)
[2018.06.15-11.54.34:015][608]LogD3D11RHI: Timed out while waiting for GPU to catch up. (0.5 s)
[2018.06.15-11.54.34:654][610]LogD3D11RHI: Timed out while waiting for GPU to catch up. (0.5 s)
[2018.06.15-11.54.35:657][613]LogD3D11RHI: Timed out while waiting for GPU to catch up. (0.5 s)
[2018.06.15-11.54.41:322][630]LogD3D11RHI: Timed out while waiting for GPU to catch up. (0.5 s)
[2018.06.15-11.54.41:823][631]LogD3D11RHI: Timed out while waiting for GPU to catch up. (0.5 s)
[2018.06.15-11.54.43:094][632]LogD3D11RHI: Timed out while waiting for GPU to catch up. (0.5 s)
[2018.06.15-11.54.48:152][646]LogD3D11RHI: Timed out while waiting for GPU to catch up. (0.5 s)
[2018.06.15-11.54.48:653][647]LogD3D11RHI: Timed out while waiting for GPU to catch up. (0.5 s)
[2018.06.15-11.54.50:620][649]LogD3D11RHI: Timed out while waiting for GPU to catch up. (0.5 s)
[2018.06.15-11.54.51:121][650]LogD3D11RHI: Timed out while waiting for GPU to catch up. (0.5 s)
[2018.06.15-11.54.53:216][656]LogD3D11RHI: Timed out while waiting for GPU to catch up. (0.5 s)
[2018.06.15-11.55.12:840][715]LogD3D11RHI: Timed out while waiting for GPU to catch up. (0.5 s)
[2018.06.15-11.55.13:341][716]LogD3D11RHI: Timed out while waiting for GPU to catch up. (0.5 s)
[2018.06.15-11.55.18:280][731]LogD3D11RHI: Timed out while waiting for GPU to catch up. (0.5 s)
[2018.06.15-11.55.25:279][752]LogD3D11RHI: Timed out while waiting for GPU to catch up. (0.5 s)
[2018.06.15-11.55.27:944][760]LogD3D11RHI: Timed out while waiting for GPU to catch up. (0.5 s)
[2018.06.15-11.55.28:445][761]LogD3D11RHI: Timed out while waiting for GPU to catch up. (0.5 s)
[2018.06.15-11.55.29:448][764]LogD3D11RHI: Timed out while waiting for GPU to catch up. (0.5 s)
[2018.06.15-11.55.29:949][765]LogD3D11RHI: Timed out while waiting for GPU to catch up. (0.5 s)
[2018.06.15-11.55.31:728][770]LogD3D11RHI: Timed out while waiting for GPU to catch up. (0.5 s)
[2018.06.15-11.55.52:730][833]LogD3D11RHI: Timed out while waiting for GPU to catch up. (0.5 s)
[2018.06.15-11.55.53:231][834]LogD3D11RHI: Timed out while waiting for GPU to catch up. (0.5 s)
[2018.06.15-11.55.53:731][835]LogD3D11RHI: Timed out while waiting for GPU to catch up. (0.5 s)
[2018.06.15-11.56.02:242][861]LogD3D11RHI: Timed out while waiting for GPU to catch up. (0.5 s)
[2018.06.15-11.56.34:472][ 67]LogWindowsTextInputMethodSystem: Display: IME system now deactivated.
[2018.06.15-11.56.34:663][ 68]Cmd: QUIT_EDITOR
[2018.06.15-11.56.34:685][ 68]LogExit: Preparing to exit.
[2018.06.15-11.56.35:370][ 68]LogExit: Editor shut down
[2018.06.15-11.56.35:374][ 68]LogExit: Transaction tracking system shut down
[2018.06.15-11.56.35:528][ 68]LogDirectoryWatcher: A directory notification for '../../../Engine/Content/' was aborted.
[2018.06.15-11.56.35:528][ 68]LogDirectoryWatcher: A directory notification for 'C:/Users/lpmn/Documents/GitHub/PjrVincennes/VincennesVR/Content/' was aborted.
[2018.06.15-11.56.35:528][ 68]LogDirectoryWatcher: A directory notification for '../../../Engine/Plugins/2D/Paper2D/Content/' was aborted.
[2018.06.15-11.56.35:528][ 68]LogDirectoryWatcher: A directory notification for '../../../Engine/Plugins/Media/MediaCompositing/Content/' was aborted.
[2018.06.15-11.56.35:528][ 68]LogDirectoryWatcher: A directory notification for '../../../Engine/Plugins/Runtime/AppleARKit/Content/' was aborted.
[2018.06.15-11.56.35:528][ 68]LogDirectoryWatcher: A directory notification for '../../../Engine/Plugins/Runtime/Oculus/OculusVR/Content/' was aborted.
[2018.06.15-11.56.35:528][ 68]LogDirectoryWatcher: A directory notification for '../../../Engine/Plugins/Runtime/Steam/SteamVR/Content/' was aborted.
[2018.06.15-11.56.35:670][ 68]LogExit: Object subsystem successfully closed.
[2018.06.15-11.56.35:705][ 68]LogD3D11RHI: Shutdown
[2018.06.15-11.56.35:705][ 68]LogD3D11RHI: CleanupD3DDevice
[2018.06.15-11.56.35:708][ 68]LogD3D11RHI: ~FD3D11DynamicRHI
[2018.06.15-11.56.35:718][ 68]LogModuleManager: Shutting down and abandoning module HierarchicalLODOutliner (556)
[2018.06.15-11.56.35:718][ 68]LogModuleManager: Shutting down and abandoning module SceneOutliner (554)
[2018.06.15-11.56.35:718][ 68]LogModuleManager: Shutting down and abandoning module AddContentDialog (552)
[2018.06.15-11.56.35:718][ 68]LogDirectoryWatcher: A directory notification for 'E:/Program Files (x86)/Epic Games/UE_4.18/FeaturePacks/' was aborted.
[2018.06.15-11.56.35:722][ 68]LogModuleManager: Shutting down and abandoning module WidgetCarousel (551)
[2018.06.15-11.56.35:722][ 68]LogModuleManager: Shutting down and abandoning module EditorWidgets (548)
[2018.06.15-11.56.35:722][ 68]LogModuleManager: Shutting down and abandoning module CollectionManager (546)
[2018.06.15-11.56.35:722][ 68]LogDirectoryWatcher: A directory notification for 'C:/Users/lpmn/Documents/GitHub/PjrVincennes/VincennesVR/Content/Collections/' was aborted.
[2018.06.15-11.56.35:722][ 68]LogDirectoryWatcher: A directory notification for 'C:/Users/lpmn/Documents/GitHub/PjrVincennes/VincennesVR/Content/Developers/lpmn/Collections/' was aborted.
[2018.06.15-11.56.35:722][ 68]LogDirectoryWatcher: A directory notification for 'C:/Users/lpmn/Documents/GitHub/PjrVincennes/VincennesVR/Saved/Collections/' was aborted.
[2018.06.15-11.56.35:723][ 68]LogModuleManager: Shutting down and abandoning module StatsViewer (544)
[2018.06.15-11.56.35:723][ 68]LogModuleManager: Shutting down and abandoning module FoliageEdit (542)
[2018.06.15-11.56.35:723][ 68]LogModuleManager: Shutting down and abandoning module LandscapeEditor (540)
[2018.06.15-11.56.35:723][ 68]LogModuleManager: Shutting down and abandoning module MeshPaintMode (538)
[2018.06.15-11.56.35:723][ 68]LogModuleManager: Shutting down and abandoning module SceneDepthPickerMode (536)
[2018.06.15-11.56.35:723][ 68]LogModuleManager: Shutting down and abandoning module ActorPickerMode (534)
[2018.06.15-11.56.35:723][ 68]LogModuleManager: Shutting down and abandoning module GeometryMode (532)
[2018.06.15-11.56.35:723][ 68]LogModuleManager: Shutting down and abandoning module TextureAlignMode (530)
[2018.06.15-11.56.35:723][ 68]LogModuleManager: Shutting down and abandoning module BspMode (528)
[2018.06.15-11.56.35:723][ 68]LogModuleManager: Shutting down and abandoning module PIEPreviewDeviceProfileSelector (526)
[2018.06.15-11.56.35:723][ 68]LogModuleManager: Shutting down and abandoning module HardwareSurvey (524)
[2018.06.15-11.56.35:723][ 68]LogModuleManager: Shutting down and abandoning module SequenceRecorderSections (522)
[2018.06.15-11.56.35:723][ 68]LogModuleManager: Shutting down and abandoning module AutomationWorker (520)
[2018.06.15-11.56.35:723][ 68]LogModuleManager: Shutting down and abandoning module MatineeToLevelSequence (518)
[2018.06.15-11.56.35:723][ 68]LogModuleManager: Shutting down and abandoning module LevelSequenceEditor (516)
[2018.06.15-11.56.35:723][ 68]LogModuleManager: Shutting down and abandoning module PlacementMode (515)
[2018.06.15-11.56.35:723][ 68]LogModuleManager: Shutting down and abandoning module WmfMediaFactory (512)
[2018.06.15-11.56.35:723][ 68]LogModuleManager: Shutting down and abandoning module WmfMediaEditor (510)
[2018.06.15-11.56.35:723][ 68]LogModuleManager: Shutting down and abandoning module OpenExrWrapper (508)
[2018.06.15-11.56.35:723][ 68]LogModuleManager: Shutting down and abandoning module ImgMediaFactory (506)
[2018.06.15-11.56.35:723][ 68]LogModuleManager: Shutting down and abandoning module ImgMediaEditor (504)
[2018.06.15-11.56.35:723][ 68]LogModuleManager: Shutting down and abandoning module AvfMediaFactory (502)
[2018.06.15-11.56.35:723][ 68]LogModuleManager: Shutting down and abandoning module AvfMediaEditor (500)
[2018.06.15-11.56.35:723][ 68]LogModuleManager: Shutting down and abandoning module AndroidMediaFactory (498)
[2018.06.15-11.56.35:723][ 68]LogModuleManager: Shutting down and abandoning module AndroidMediaEditor (496)
[2018.06.15-11.56.35:723][ 68]LogModuleManager: Shutting down and abandoning module CharacterAI (494)
[2018.06.15-11.56.35:723][ 68]LogModuleManager: Shutting down and abandoning module AudioCapture (492)
[2018.06.15-11.56.35:723][ 68]LogModuleManager: Shutting down and abandoning module SequenceRecorder (491)
[2018.06.15-11.56.35:723][ 68]LogModuleManager: Shutting down and abandoning module SmartSnapping (488)
[2018.06.15-11.56.35:723][ 68]LogModuleManager: Shutting down and abandoning module SessionServices (486)
[2018.06.15-11.56.35:723][ 68]LogModuleManager: Shutting down and abandoning module ViewportSnapping (484)
[2018.06.15-11.56.35:723][ 68]LogModuleManager: Shutting down and abandoning module ViewportInteraction (482)
[2018.06.15-11.56.35:723][ 68]LogModuleManager: Shutting down and abandoning module ClothPainter (480)
[2018.06.15-11.56.35:723][ 68]LogModuleManager: Shutting down and abandoning module SkeletalMeshEditor (479)
[2018.06.15-11.56.35:723][ 68]LogModuleManager: Shutting down and abandoning module LogVisualizer (476)
[2018.06.15-11.56.35:723][ 68]LogModuleManager: Shutting down and abandoning module IntroTutorials (474)
[2018.06.15-11.56.35:724][ 68]LogModuleManager: Shutting down and abandoning module GameProjectGeneration (473)
[2018.06.15-11.56.35:724][ 68]LogModuleManager: Shutting down and abandoning module IOSPlatformEditor (470)
[2018.06.15-11.56.35:724][ 68]LogModuleManager: Shutting down and abandoning module HTML5PlatformEditor (468)
[2018.06.15-11.56.35:724][ 68]LogModuleManager: Shutting down and abandoning module AndroidPlatformEditor (466)
[2018.06.15-11.56.35:724][ 68]LogModuleManager: Shutting down and abandoning module AndroidDeviceDetection (465)
[2018.06.15-11.56.35:971][ 68]LogModuleManager: Shutting down and abandoning module WindowsPlatformEditor (462)
[2018.06.15-11.56.35:971][ 68]LogModuleManager: Shutting down and abandoning module IOSRuntimeSettings (460)
[2018.06.15-11.56.35:971][ 68]LogModuleManager: Shutting down and abandoning module AndroidRuntimeSettings (458)
[2018.06.15-11.56.35:971][ 68]LogModuleManager: Shutting down and abandoning module InputBindingEditor (456)
[2018.06.15-11.56.35:971][ 68]LogModuleManager: Shutting down and abandoning module MergeActors (454)
[2018.06.15-11.56.35:971][ 68]LogModuleManager: Shutting down and abandoning module SizeMap (452)
[2018.06.15-11.56.35:971][ 68]LogModuleManager: Shutting down and abandoning module TreeMap (450)
[2018.06.15-11.56.35:971][ 68]LogModuleManager: Shutting down and abandoning module ReferenceViewer (448)
[2018.06.15-11.56.35:971][ 68]LogModuleManager: Shutting down and abandoning module LocalizationDashboard (446)
[2018.06.15-11.56.35:971][ 68]LogModuleManager: Shutting down and abandoning module LocalizationService (445)
[2018.06.15-11.56.35:971][ 68]LogModuleManager: Shutting down and abandoning module HardwareTargeting (442)
[2018.06.15-11.56.35:971][ 68]LogModuleManager: Shutting down and abandoning module DeviceProfileEditor (440)
[2018.06.15-11.56.35:971][ 68]LogModuleManager: Shutting down and abandoning module UndoHistory (438)
[2018.06.15-11.56.35:971][ 68]LogModuleManager: Shutting down and abandoning module XmlParser (436)
[2018.06.15-11.56.35:971][ 68]LogModuleManager: Shutting down and abandoning module Blutility (434)
[2018.06.15-11.56.35:972][ 68]LogModuleManager: Shutting down and abandoning module ProjectSettingsViewer (432)
[2018.06.15-11.56.35:972][ 68]LogModuleManager: Shutting down and abandoning module ProjectTargetPlatformEditor (431)
[2018.06.15-11.56.35:972][ 68]LogModuleManager: Shutting down and abandoning module EditorSettingsViewer (428)
[2018.06.15-11.56.35:972][ 68]LogModuleManager: Shutting down and abandoning module SettingsEditor (426)
[2018.06.15-11.56.35:972][ 68]LogModuleManager: Shutting down and abandoning module ProjectLauncher (424)
[2018.06.15-11.56.35:972][ 68]LogModuleManager: Shutting down and abandoning module SessionFrontend (422)
[2018.06.15-11.56.35:972][ 68]LogModuleManager: Shutting down and abandoning module ProfilerClient (420)
[2018.06.15-11.56.35:972][ 68]LogModuleManager: Shutting down and abandoning module DeviceManager (418)
[2018.06.15-11.56.35:972][ 68]LogModuleManager: Shutting down and abandoning module TargetDeviceServices (417)
[2018.06.15-11.56.36:027][ 68]LogModuleManager: Shutting down and abandoning module AutomationController (414)
[2018.06.15-11.56.36:027][ 68]LogModuleManager: Shutting down and abandoning module AutomationWindow (412)
[2018.06.15-11.56.36:027][ 68]LogModuleManager: Shutting down and abandoning module Layers (410)
[2018.06.15-11.56.36:027][ 68]LogModuleManager: Shutting down and abandoning module ComponentVisualizers (408)
[2018.06.15-11.56.36:027][ 68]LogModuleManager: Shutting down and abandoning module DetailCustomizations (406)
[2018.06.15-11.56.36:027][ 68]LogModuleManager: Shutting down and abandoning module PackagesDialog (404)
[2018.06.15-11.56.36:027][ 68]LogModuleManager: Shutting down and abandoning module Persona (402)
[2018.06.15-11.56.36:027][ 68]LogModuleManager: Shutting down and abandoning module AdvancedPreviewScene (401)
[2018.06.15-11.56.36:027][ 68]LogModuleManager: Shutting down and abandoning module AnimGraph (399)
[2018.06.15-11.56.36:027][ 68]LogModuleManager: Shutting down and abandoning module Kismet (396)
[2018.06.15-11.56.36:028][ 68]LogModuleManager: Shutting down and abandoning module ClassViewer (394)
[2018.06.15-11.56.36:028][ 68]LogModuleManager: Shutting down and abandoning module Toolbox (392)
[2018.06.15-11.56.36:028][ 68]LogModuleManager: Shutting down and abandoning module ModuleUI (390)
[2018.06.15-11.56.36:028][ 68]LogModuleManager: Shutting down and abandoning module MovieSceneTools (388)
[2018.06.15-11.56.36:028][ 68]LogModuleManager: Shutting down and abandoning module OutputLog (386)
[2018.06.15-11.56.36:029][ 68]LogModuleManager: Shutting down and abandoning module GammaUI (384)
[2018.06.15-11.56.36:029][ 68]LogModuleManager: Shutting down and abandoning module Documentation (382)
[2018.06.15-11.56.36:029][ 68]LogModuleManager: Shutting down and abandoning module MovieSceneTracks (380)
[2018.06.15-11.56.36:029][ 68]LogModuleManager: Shutting down and abandoning module MovieScene (378)
[2018.06.15-11.56.36:029][ 68]LogModuleManager: Shutting down and abandoning module StreamingPauseRendering (376)
[2018.06.15-11.56.36:029][ 68]LogModuleManager: Shutting down and abandoning module LauncherPlatform (374)
[2018.06.15-11.56.36:029][ 68]LogModuleManager: Shutting down and abandoning module AnalyticsET (372)
[2018.06.15-11.56.36:029][ 68]LogModuleManager: Shutting down and abandoning module PortalServices (370)
[2018.06.15-11.56.36:029][ 68]LogModuleManager: Shutting down and abandoning module PortalRpc (368)
[2018.06.15-11.56.36:029][ 68]LogModuleManager: Shutting down and abandoning module MessagingRpc (366)
[2018.06.15-11.56.36:029][ 68]LogModuleManager: Shutting down and abandoning module AIModule (364)
[2018.06.15-11.56.36:029][ 68]LogModuleManager: Shutting down and abandoning module GameplayDebugger (363)
[2018.06.15-11.56.36:029][ 68]LogModuleManager: Shutting down and abandoning module AITestSuite (361)
[2018.06.15-11.56.36:029][ 68]LogModuleManager: Shutting down and abandoning module DesktopPlatform (358)
[2018.06.15-11.56.36:029][ 68]LogModuleManager: Shutting down and abandoning module ProfilerService (356)
[2018.06.15-11.56.36:117][ 68]LogModuleManager: Shutting down and abandoning module TaskGraph (354)
[2018.06.15-11.56.36:117][ 68]LogModuleManager: Shutting down and abandoning module SubstanceLiveLink (352)
[2018.06.15-11.56.36:117][ 68]LogModuleManager: Shutting down and abandoning module SubstanceSource (350)
[2018.06.15-11.56.36:117][ 68]LogModuleManager: Shutting down and abandoning module SubstanceEditor (348)
[2018.06.15-11.56.36:117][ 68]LogModuleManager: Shutting down and abandoning module SteamVRController (346)
[2018.06.15-11.56.36:117][ 68]LogModuleManager: Shutting down and abandoning module ProceduralMeshComponentEditor (344)
[2018.06.15-11.56.36:117][ 68]LogModuleManager: Shutting down and abandoning module ProceduralMeshComponent (342)
[2018.06.15-11.56.36:117][ 68]LogModuleManager: Shutting down and abandoning module OculusInput (340)
[2018.06.15-11.56.36:117][ 68]LogModuleManager: Shutting down and abandoning module MobilePatchingUtils (338)
[2018.06.15-11.56.36:117][ 68]LogModuleManager: Shutting down and abandoning module CustomMeshComponent (336)
[2018.06.15-11.56.36:117][ 68]LogModuleManager: Shutting down and abandoning module CableComponent (334)
[2018.06.15-11.56.36:117][ 68]LogModuleManager: Shutting down and abandoning module ArchVisCharacter (332)
[2018.06.15-11.56.36:117][ 68]LogModuleManager: Shutting down and abandoning module AndroidPermission (330)
[2018.06.15-11.56.36:118][ 68]LogModuleManager: Shutting down and abandoning module ActorSequence (326)
[2018.06.15-11.56.36:118][ 68]LogModuleManager: Shutting down and abandoning module MediaPlayerEditor (324)
[2018.06.15-11.56.36:118][ 68]LogModuleManager: Shutting down and abandoning module MediaCompositingEditor (322)
[2018.06.15-11.56.36:118][ 68]LogModuleManager: Shutting down and abandoning module MediaCompositing (320)
[2018.06.15-11.56.36:118][ 68]LogModuleManager: Shutting down and abandoning module HTML5Networking (318)
[2018.06.15-11.56.36:118][ 68]LogModuleManager: Shutting down and abandoning module AlembicImporter (316)
[2018.06.15-11.56.36:118][ 68]LogModuleManager: Shutting down and abandoning module AlembicLibrary (315)
[2018.06.15-11.56.36:118][ 68]LogModuleManager: Shutting down and abandoning module GeometryCache (314)
[2018.06.15-11.56.36:118][ 68]LogModuleManager: Shutting down and abandoning module GeometryCacheEd (313)
[2018.06.15-11.56.36:118][ 68]LogModuleManager: Shutting down and abandoning module SpeedTreeImporter (308)
[2018.06.15-11.56.36:118][ 68]LogModuleManager: Shutting down and abandoning module PluginBrowser (306)
[2018.06.15-11.56.36:118][ 68]LogModuleManager: Shutting down and abandoning module MobileLauncherProfileWizard (304)
[2018.06.15-11.56.36:118][ 68]LogModuleManager: Shutting down and abandoning module VisualStudioSourceCodeAccess (302)
[2018.06.15-11.56.36:118][ 68]LogModuleManager: Shutting down and abandoning module VisualStudioCodeSourceCodeAccess (300)
[2018.06.15-11.56.36:118][ 68]LogModuleManager: Shutting down and abandoning module UObjectPlugin (298)
[2018.06.15-11.56.36:118][ 68]LogModuleManager: Shutting down and abandoning module SubversionSourceControl (296)
[2018.06.15-11.56.36:118][ 68]LogModuleManager: Shutting down and abandoning module PerforceSourceControl (294)
[2018.06.15-11.56.36:118][ 68]LogModuleManager: Shutting down and abandoning module GitSourceControl (292)
[2018.06.15-11.56.36:118][ 68]LogModuleManager: Shutting down and abandoning module SourceControl (291)
[2018.06.15-11.56.36:118][ 68]LogModuleManager: Shutting down and abandoning module LightPropagationVolumeEditor (288)
[2018.06.15-11.56.36:118][ 68]LogModuleManager: Shutting down and abandoning module PaperTiledImporter (286)
[2018.06.15-11.56.36:118][ 68]LogModuleManager: Shutting down and abandoning module PaperSpriteSheetImporter (284)
[2018.06.15-11.56.36:118][ 68]LogModuleManager: Shutting down and abandoning module Paper2DEditor (282)
[2018.06.15-11.56.36:118][ 68]LogModuleManager: Shutting down and abandoning module MeshPaint (281)
[2018.06.15-11.56.36:118][ 68]LogModuleManager: Shutting down and abandoning module LevelEditor (279)
[2018.06.15-11.56.36:119][ 68]LogModuleManager: Shutting down and abandoning module PixelInspectorModule (278)
[2018.06.15-11.56.36:119][ 68]LogModuleManager: Shutting down and abandoning module MainFrame (276)
[2018.06.15-11.56.36:119][ 68]LogModuleManager: Shutting down and abandoning module HotReload (275)
[2018.06.15-11.56.36:119][ 68]LogModuleManager: Shutting down and abandoning module RuntimePhysXCooking (270)
[2018.06.15-11.56.36:119][ 68]LogModuleManager: Shutting down and abandoning module PhysXVehiclesEditor (268)
[2018.06.15-11.56.36:119][ 68]LogModuleManager: Shutting down and abandoning module PhysXVehicles (266)
[2018.06.15-11.56.36:119][ 68]LogModuleManager: Shutting down and abandoning module OculusEditor (264)
[2018.06.15-11.56.36:119][ 68]LogModuleManager: Shutting down and abandoning module LocationServicesBPLibrary (262)
[2018.06.15-11.56.36:119][ 68]LogModuleManager: Shutting down and abandoning module ImmediatePhysicsEditor (260)
[2018.06.15-11.56.36:119][ 68]LogModuleManager: Shutting down and abandoning module ImmediatePhysics (258)
[2018.06.15-11.56.36:119][ 68]LogModuleManager: Shutting down and abandoning module UdpMessaging (256)
[2018.06.15-11.56.36:221][ 68]LogModuleManager: Shutting down and abandoning module TcpMessaging (254)
[2018.06.15-11.56.36:321][ 68]LogModuleManager: Shutting down and abandoning module SubstanceCore (252)
[2018.06.15-11.56.36:321][ 68]LogModuleManager: Shutting down and abandoning module GameplayTagsEditor (250)
[2018.06.15-11.56.36:321][ 68]LogModuleManager: Shutting down and abandoning module FacialAnimationEditor (248)
[2018.06.15-11.56.36:321][ 68]LogModuleManager: Shutting down and abandoning module FacialAnimation (246)
[2018.06.15-11.56.36:321][ 68]LogModuleManager: Shutting down and abandoning module AssetManagerEditor (244)
[2018.06.15-11.56.36:321][ 68]LogModuleManager: Shutting down and abandoning module GraphEditor (243)
[2018.06.15-11.56.36:321][ 68]LogModuleManager: Shutting down and abandoning module ContentBrowser (241)
[2018.06.15-11.56.36:322][ 68]LogModuleManager: Shutting down and abandoning module LightPropagationVolumeRuntime (238)
[2018.06.15-11.56.36:322][ 68]LogModuleManager: Shutting down and abandoning module Paper2D (236)
[2018.06.15-11.56.36:322][ 68]LogModuleManager: Shutting down and abandoning module WindowsMoviePlayer (234)
[2018.06.15-11.56.36:322][ 68]LogModuleManager: Shutting down and abandoning module WmfMedia (232)
[2018.06.15-11.56.36:324][ 68]LogModuleManager: Shutting down and abandoning module ImgMedia (230)
[2018.06.15-11.56.36:324][ 68]LogModuleManager: Shutting down and abandoning module PacketHandler (228)
[2018.06.15-11.56.36:324][ 68]LogModuleManager: Shutting down and abandoning module ClothingSystemEditor (226)
[2018.06.15-11.56.36:324][ 68]LogModuleManager: Shutting down and abandoning module ClothingSystemRuntime (224)
[2018.06.15-11.56.36:324][ 68]LogModuleManager: Shutting down and abandoning module MediaAssets (222)
[2018.06.15-11.56.36:324][ 68]LogModuleManager: Shutting down and abandoning module Media (221)
[2018.06.15-11.56.36:330][ 68]LogModuleManager: Shutting down and abandoning module Overlay (218)
[2018.06.15-11.56.36:330][ 68]LogModuleManager: Shutting down and abandoning module OverlayEditor (217)
[2018.06.15-11.56.36:330][ 68]LogModuleManager: Shutting down and abandoning module VREditor (214)
[2018.06.15-11.56.36:330][ 68]LogModuleManager: Shutting down and abandoning module StringTableEditor (212)
[2018.06.15-11.56.36:330][ 68]LogModuleManager: Shutting down and abandoning module GameplayTasksEditor (210)
[2018.06.15-11.56.36:330][ 68]LogModuleManager: Shutting down and abandoning module BehaviorTreeEditor (208)
[2018.06.15-11.56.36:330][ 68]LogModuleManager: Shutting down and abandoning module FunctionalTesting (206)
[2018.06.15-11.56.36:330][ 68]LogModuleManager: Shutting down and abandoning module CollisionAnalyzer (204)
[2018.06.15-11.56.36:330][ 68]LogModuleManager: Shutting down and abandoning module WorkspaceMenuStructure (203)
[2018.06.15-11.56.36:330][ 68]LogModuleManager: Shutting down and abandoning module UMG (200)
[2018.06.15-11.56.36:330][ 68]LogModuleManager: Shutting down and abandoning module UMGEditor (199)
[2018.06.15-11.56.36:330][ 68]LogModuleManager: Shutting down and abandoning module Sequencer (198)
[2018.06.15-11.56.36:331][ 68]LogModuleManager: Shutting down and abandoning module MessageLog (195)
[2018.06.15-11.56.36:331][ 68]LogModuleManager: Shutting down and abandoning module SlateReflector (190)
[2018.06.15-11.56.36:331][ 68]LogModuleManager: Shutting down and abandoning module Slate (188)
[2018.06.15-11.56.36:331][ 68]LogModuleManager: Shutting down and abandoning module EditorStyle (186)
[2018.06.15-11.56.36:333][ 68]LogModuleManager: Shutting down and abandoning module MRMesh (184)
[2018.06.15-11.56.36:333][ 68]LogModuleManager: Shutting down and abandoning module SourceCodeAccess (182)
[2018.06.15-11.56.36:333][ 68]LogModuleManager: Shutting down and abandoning module HeadMountedDisplay (180)
[2018.06.15-11.56.36:333][ 68]LogModuleManager: Shutting down and abandoning module XAudio2 (178)
[2018.06.15-11.56.36:333][ 68]LogModuleManager: Shutting down and abandoning module Networking (176)
[2018.06.15-11.56.36:333][ 68]LogModuleManager: Shutting down and abandoning module Core (172)
[2018.06.15-11.56.36:333][ 68]LogModuleManager: Shutting down and abandoning module LevelSequence (168)
[2018.06.15-11.56.36:333][ 68]LogModuleManager: Shutting down and abandoning module DirectoryWatcher (166)
[2018.06.15-11.56.36:334][ 68]LogModuleManager: Shutting down and abandoning module KismetCompiler (164)
[2018.06.15-11.56.36:334][ 68]LogModuleManager: Shutting down and abandoning module MeshUtilities (162)
[2018.06.15-11.56.36:334][ 68]LogModuleManager: Shutting down and abandoning module MeshMergeUtilities (161)
[2018.06.15-11.56.36:334][ 68]LogModuleManager: Shutting down and abandoning module MeshReductionInterface (160)
[2018.06.15-11.56.36:334][ 68]LogModuleManager: Shutting down and abandoning module SimplygonSwarm (159)
[2018.06.15-11.56.36:334][ 68]LogModuleManager: Shutting down and abandoning module SimplygonMeshReduction (157)
[2018.06.15-11.56.36:334][ 68]LogModuleManager: Shutting down and abandoning module QuadricMeshReduction (155)
[2018.06.15-11.56.36:334][ 68]LogModuleManager: Shutting down and abandoning module MaterialBaking (151)
[2018.06.15-11.56.36:334][ 68]LogModuleManager: Shutting down and abandoning module DerivedDataCache (148)
[2018.06.15-11.56.36:426][ 68]LogDerivedDataCache: Shutdown
[2018.06.15-11.56.36:426][ 68]LogModuleManager: Shutting down and abandoning module TargetPlatform (146)
[2018.06.15-11.56.36:426][ 68]LogModuleManager: Shutting down and abandoning module VulkanShaderFormat (145)
[2018.06.15-11.56.36:426][ 68]LogModuleManager: Shutting down and abandoning module ShaderFormatVectorVM (143)
[2018.06.15-11.56.36:426][ 68]LogModuleManager: Shutting down and abandoning module ShaderFormatOpenGL (141)
[2018.06.15-11.56.36:426][ 68]LogModuleManager: Shutting down and abandoning module ShaderFormatD3D (139)
[2018.06.15-11.56.36:426][ 68]LogModuleManager: Shutting down and abandoning module MetalShaderFormat (137)
[2018.06.15-11.56.36:426][ 68]LogModuleManager: Shutting down and abandoning module TextureFormatUncompressed (135)
[2018.06.15-11.56.36:426][ 68]LogModuleManager: Shutting down and abandoning module TextureFormatPVR (133)
[2018.06.15-11.56.36:426][ 68]LogModuleManager: Shutting down and abandoning module TextureFormatDXT (131)
[2018.06.15-11.56.36:426][ 68]LogModuleManager: Shutting down and abandoning module TextureFormatIntelISPCTexComp (129)
[2018.06.15-11.56.36:427][ 68]LogModuleManager: Shutting down and abandoning module TextureFormatASTC (127)
[2018.06.15-11.56.36:427][ 68]LogModuleManager: Shutting down and abandoning module ImageWrapper (126)
[2018.06.15-11.56.36:427][ 68]LogModuleManager: Shutting down and abandoning module TextureFormatAndroid (123)
[2018.06.15-11.56.36:427][ 68]LogModuleManager: Shutting down and abandoning module AudioFormatOpus (121)
[2018.06.15-11.56.36:427][ 68]LogModuleManager: Shutting down and abandoning module AudioFormatOgg (119)
[2018.06.15-11.56.36:427][ 68]LogModuleManager: Shutting down and abandoning module AudioFormatADPCM (117)
[2018.06.15-11.56.36:427][ 68]LogModuleManager: Shutting down and abandoning module LinuxTargetPlatform (115)
[2018.06.15-11.56.36:427][ 68]LogModuleManager: Shutting down and abandoning module LinuxServerTargetPlatform (113)
[2018.06.15-11.56.36:427][ 68]LogModuleManager: Shutting down and abandoning module LinuxNoEditorTargetPlatform (111)
[2018.06.15-11.56.36:427][ 68]LogModuleManager: Shutting down and abandoning module LinuxClientTargetPlatform (109)
[2018.06.15-11.56.36:427][ 68]LogModuleManager: Shutting down and abandoning module TVOSTargetPlatform (107)
[2018.06.15-11.56.36:427][ 68]LogModuleManager: Shutting down and abandoning module Messaging (105)
[2018.06.15-11.56.36:427][ 68]LogModuleManager: Shutting down and abandoning module IOSTargetPlatform (103)
[2018.06.15-11.56.36:427][ 68]LogModuleManager: Shutting down and abandoning module HTML5TargetPlatform (101)
[2018.06.15-11.56.36:427][ 68]LogModuleManager: Shutting down and abandoning module AndroidTargetPlatform (99)
[2018.06.15-11.56.36:427][ 68]LogModuleManager: Shutting down and abandoning module Android_PVRTCTargetPlatform (97)
[2018.06.15-11.56.36:427][ 68]LogModuleManager: Shutting down and abandoning module Android_MultiTargetPlatform (95)
[2018.06.15-11.56.36:427][ 68]LogModuleManager: Shutting down and abandoning module Android_ETC2TargetPlatform (93)
[2018.06.15-11.56.36:427][ 68]LogModuleManager: Shutting down and abandoning module Android_ETC1TargetPlatform (91)
[2018.06.15-11.56.36:427][ 68]LogModuleManager: Shutting down and abandoning module Android_DXTTargetPlatform (89)
[2018.06.15-11.56.36:427][ 68]LogModuleManager: Shutting down and abandoning module Android_ATCTargetPlatform (87)
[2018.06.15-11.56.36:427][ 68]LogModuleManager: Shutting down and abandoning module Android_ASTCTargetPlatform (85)
[2018.06.15-11.56.36:427][ 68]LogModuleManager: Shutting down and abandoning module WindowsTargetPlatform (83)
[2018.06.15-11.56.36:427][ 68]LogModuleManager: Shutting down and abandoning module WindowsServerTargetPlatform (81)
[2018.06.15-11.56.36:427][ 68]LogModuleManager: Shutting down and abandoning module WindowsNoEditorTargetPlatform (79)
[2018.06.15-11.56.36:427][ 68]LogModuleManager: Shutting down and abandoning module WindowsClientTargetPlatform (77)
[2018.06.15-11.56.36:427][ 68]LogModuleManager: Shutting down and abandoning module MacTargetPlatform (75)
[2018.06.15-11.56.36:427][ 68]LogModuleManager: Shutting down and abandoning module MacServerTargetPlatform (73)
[2018.06.15-11.56.36:427][ 68]LogModuleManager: Shutting down and abandoning module MacNoEditorTargetPlatform (71)
[2018.06.15-11.56.36:427][ 68]LogModuleManager: Shutting down and abandoning module MacClientTargetPlatform (69)
[2018.06.15-11.56.36:427][ 68]LogModuleManager: Shutting down and abandoning module AllDesktopTargetPlatform (67)
[2018.06.15-11.56.36:427][ 68]LogModuleManager: Shutting down and abandoning module InputCore (64)
[2018.06.15-11.56.36:427][ 68]LogModuleManager: Shutting down and abandoning module Settings (62)
[2018.06.15-11.56.36:427][ 68]LogModuleManager: Shutting down and abandoning module PhysXCooking (60)
[2018.06.15-11.56.36:427][ 68]LogModuleManager: Shutting down and abandoning module SteamVR (58)
[2018.06.15-11.56.36:427][ 68]LogModuleManager: Shutting down and abandoning module OculusHMD (56)
[2018.06.15-11.56.36:427][ 68]LogModuleManager: Shutting down and abandoning module ExampleDeviceProfileSelector (54)
[2018.06.15-11.56.36:428][ 68]LogModuleManager: Shutting down and abandoning module AppleARKit (52)
[2018.06.15-11.56.36:428][ 68]LogModuleManager: Shutting down and abandoning module AugmentedReality (51)
[2018.06.15-11.56.36:428][ 68]LogModuleManager: Shutting down and abandoning module OnlineBlueprintSupport (48)
[2018.06.15-11.56.36:428][ 68]LogModuleManager: Shutting down and abandoning module OnlineSubsystem (44)
[2018.06.15-11.56.36:428][ 68]LogModuleManager: Shutting down and abandoning module XMPP (43)
[2018.06.15-11.56.36:428][ 68]LogModuleManager: Shutting down and abandoning module HTTP (41)
[2018.06.15-11.56.36:428][ 68]LogHttp: Display: Http module shutting down, but needs to wait on 1 outstanding Http requests:
[2018.06.15-11.56.36:428][ 68]LogHttp: Display: 	verb=[POST] url=[https://datarouter.ol.epicgames.com/datarouter/api/v1/public/data?SessionID=%7B7AFF3469-47AC-6D2E-57AC-C2996403674E%7D&AppID=UEEditor.Rocket.Release&AppVersion=4.18.3-3832480%2B%2B%2BUE4%2BRelease-4.18&UserID=984aa5da481b273022d0afa77e6cf9ac%7C77db53a1be0744ae891ca00cd7f4dbf8%7C37dfc5d9-7deb-4f42-936b-6ba720a09c94&AppEnvironment=datacollector-binary&UploadType=eteventstream] status=Processing
[2018.06.15-11.56.36:431][ 68]LogModuleManager: Shutting down and abandoning module SSL (40)
[2018.06.15-11.56.36:433][ 68]LogModuleManager: Shutting down and abandoning module AnimationModifiers (36)
[2018.06.15-11.56.36:433][ 68]LogModuleManager: Shutting down and abandoning module PropertyEditor (35)
[2018.06.15-11.56.36:433][ 68]LogModuleManager: Shutting down and abandoning module AudioEditor (32)
[2018.06.15-11.56.36:433][ 68]LogModuleManager: Shutting down and abandoning module TextureCompressor (30)
[2018.06.15-11.56.36:433][ 68]LogModuleManager: Shutting down and abandoning module ShaderCore (28)
[2018.06.15-11.56.36:433][ 68]LogModuleManager: Shutting down and abandoning module Landscape (26)
[2018.06.15-11.56.36:433][ 68]LogModuleManager: Shutting down and abandoning module SlateRHIRenderer (24)
[2018.06.15-11.56.36:433][ 68]LogModuleManager: Shutting down and abandoning module OpenGLDrv (22)
[2018.06.15-11.56.36:433][ 68]LogModuleManager: Shutting down and abandoning module D3D11RHI (20)
[2018.06.15-11.56.36:433][ 68]LogModuleManager: Shutting down and abandoning module AnimGraphRuntime (18)
[2018.06.15-11.56.36:433][ 68]LogModuleManager: Shutting down and abandoning module Renderer (16)
[2018.06.15-11.56.36:433][ 68]LogModuleManager: Shutting down and abandoning module Engine (14)
[2018.06.15-11.56.36:433][ 68]LogModuleManager: Shutting down and abandoning module CoreUObject (12)
[2018.06.15-11.56.36:434][ 68]LogModuleManager: Shutting down and abandoning module NetworkFile (10)
[2018.06.15-11.56.36:434][ 68]LogModuleManager: Shutting down and abandoning module CookedIterativeFile (8)
[2018.06.15-11.56.36:434][ 68]LogModuleManager: Shutting down and abandoning module StreamingFile (6)
[2018.06.15-11.56.36:434][ 68]LogModuleManager: Shutting down and abandoning module SandboxFile (4)
[2018.06.15-11.56.36:434][ 68]LogModuleManager: Shutting down and abandoning module PakFile (2)
[2018.06.15-11.56.36:436][ 68]LogExit: Exiting.
[2018.06.15-11.56.36:452][ 68]Log file closed, 06/15/18 13:56:36
