Log file open, 01/06/18 17:49:02
LogWindows: Failed to load 'aqProf.dll' (GetLastError=126)
LogWindows: File 'aqProf.dll' does not exist
LogWindows: Failed to load 'VtuneApi.dll' (GetLastError=126)
LogWindows: File 'VtuneApi.dll' does not exist
LogWindows: Failed to load 'VtuneApi32e.dll' (GetLastError=126)
LogWindows: File 'VtuneApi32e.dll' does not exist
LogInit: Display: Running engine for game: vincenne
LogPlatformFile: Not using cached read wrapper
LogInit: Display: RandInit(949869093) SRandInit(949869093).
LogInit: Read version file with build ID '3709383'
LogInit: Overriding engine version to CL 3754814, compatible CL 3709383
LogInit: Registered custom module enumerator with build ID '3709383'
LogTaskGraph: Started task graph with 5 named threads and 14 total threads with 3 sets of task threads.
LogStats: Stats thread started at 0.176893
LogD3D11RHI: Aftermath initialized
LogModuleManager: Display: Found up-to-date module file ../../../Engine/Plugins/2D/Paper2D/Binaries/Win64/UE4Editor-Paper2D.dll (API version 3709383).
LogModuleManager: Display: Found up-to-date module file ../../../Engine/Plugins/2D/Paper2D/Binaries/Win64/UE4Editor-Paper2DEditor.dll (API version 3709383).
LogModuleManager: Display: Found up-to-date module file ../../../Engine/Plugins/2D/Paper2D/Binaries/Win64/UE4Editor-PaperSpriteSheetImporter.dll (API version 3709383).
LogModuleManager: Display: Found up-to-date module file ../../../Engine/Plugins/2D/Paper2D/Binaries/Win64/UE4Editor-PaperTiledImporter.dll (API version 3709383).
LogModuleManager: Display: Found up-to-date module file ../../../Engine/Plugins/2D/Paper2D/Binaries/Win64/UE4Editor-SmartSnapping.dll (API version 3709383).
LogModuleManager: Display: Found up-to-date module file ../../../Engine/Plugins/Blendables/LightPropagationVolume/Binaries/Win64/UE4Editor-LightPropagationVolumeRuntime.dll (API version 3709383).
LogModuleManager: Display: Found up-to-date module file ../../../Engine/Plugins/Blendables/LightPropagationVolume/Binaries/Win64/UE4Editor-LightPropagationVolumeEditor.dll (API version 3709383).
LogModuleManager: Display: Found up-to-date module file ../../../Engine/Plugins/Developer/GitSourceControl/Binaries/Win64/UE4Editor-GitSourceControl.dll (API version 3709383).
LogModuleManager: Display: Found up-to-date module file ../../../Engine/Plugins/Developer/PerforceSourceControl/Binaries/Win64/UE4Editor-PerforceSourceControl.dll (API version 3709383).
LogModuleManager: Display: Found up-to-date module file ../../../Engine/Plugins/Developer/SubversionSourceControl/Binaries/Win64/UE4Editor-SubversionSourceControl.dll (API version 3709383).
LogModuleManager: Display: Found up-to-date module file ../../../Engine/Plugins/Developer/UObjectPlugin/Binaries/Win64/UE4Editor-UObjectPlugin.dll (API version 3709383).
LogModuleManager: Display: Found up-to-date module file ../../../Engine/Plugins/Developer/VisualStudioCodeSourceCodeAccess/Binaries/Win64/UE4Editor-VisualStudioCodeSourceCodeAccess.dll (API version 3709383).
LogModuleManager: Display: Found up-to-date module file ../../../Engine/Plugins/Developer/VisualStudioSourceCodeAccess/Binaries/Win64/UE4Editor-VisualStudioSourceCodeAccess.dll (API version 3709383).
LogModuleManager: Display: Found up-to-date module file ../../../Engine/Plugins/Editor/AssetManagerEditor/Binaries/Win64/UE4Editor-AssetManagerEditor.dll (API version 3709383).
LogModuleManager: Display: Found up-to-date module file ../../../Engine/Plugins/Editor/AudioCapture/Binaries/Win64/UE4Editor-AudioCapture.dll (API version 3709383).
LogModuleManager: Display: Found up-to-date module file ../../../Engine/Plugins/Editor/FacialAnimation/Binaries/Win64/UE4Editor-FacialAnimation.dll (API version 3709383).
LogModuleManager: Display: Found up-to-date module file ../../../Engine/Plugins/Editor/FacialAnimation/Binaries/Win64/UE4Editor-FacialAnimationEditor.dll (API version 3709383).
LogModuleManager: Display: Found up-to-date module file ../../../Engine/Plugins/Editor/GameplayTagsEditor/Binaries/Win64/UE4Editor-GameplayTagsEditor.dll (API version 3709383).
LogModuleManager: Display: Found up-to-date module file ../../../Engine/Plugins/Editor/MobileLauncherProfileWizard/Binaries/Win64/UE4Editor-MobileLauncherProfileWizard.dll (API version 3709383).
LogModuleManager: Display: Found up-to-date module file ../../../Engine/Plugins/Editor/PluginBrowser/Binaries/Win64/UE4Editor-PluginBrowser.dll (API version 3709383).
LogModuleManager: Display: Found up-to-date module file ../../../Engine/Plugins/Editor/SpeedTreeImporter/Binaries/Win64/UE4Editor-SpeedTreeImporter.dll (API version 3709383).
LogModuleManager: Display: Found up-to-date module file ../../../Engine/Plugins/Experimental/AlembicImporter/Binaries/Win64/UE4Editor-AlembicImporter.dll (API version 3709383).
LogModuleManager: Display: Found up-to-date module file ../../../Engine/Plugins/Experimental/AlembicImporter/Binaries/Win64/UE4Editor-AlembicLibrary.dll (API version 3709383).
LogModuleManager: Display: Found up-to-date module file ../../../Engine/Plugins/Experimental/CharacterAI/Binaries/Win64/UE4Editor-CharacterAI.dll (API version 3709383).
LogModuleManager: Display: Found up-to-date module file ../../../Engine/Plugins/Experimental/HTML5Networking/Binaries/Win64/UE4Editor-HTML5Networking.dll (API version 3709383).
LogModuleManager: Display: Found up-to-date module file ../../../Engine/Plugins/Media/AndroidMedia/Binaries/Win64/UE4Editor-AndroidMediaEditor.dll (API version 3709383).
LogModuleManager: Display: Found up-to-date module file ../../../Engine/Plugins/Media/AndroidMedia/Binaries/Win64/UE4Editor-AndroidMediaFactory.dll (API version 3709383).
LogModuleManager: Display: Found up-to-date module file ../../../Engine/Plugins/Media/AvfMedia/Binaries/Win64/UE4Editor-AvfMediaEditor.dll (API version 3709383).
LogModuleManager: Display: Found up-to-date module file ../../../Engine/Plugins/Media/AvfMedia/Binaries/Win64/UE4Editor-AvfMediaFactory.dll (API version 3709383).
LogModuleManager: Display: Found up-to-date module file ../../../Engine/Plugins/Media/AvfMedia/Binaries/Win64/UE4Editor-AvfMediaFactory.dll (API version 3709383).
LogModuleManager: Display: Found up-to-date module file ../../../Engine/Plugins/Media/ImgMedia/Binaries/Win64/UE4Editor-ImgMedia.dll (API version 3709383).
LogModuleManager: Display: Found up-to-date module file ../../../Engine/Plugins/Media/ImgMedia/Binaries/Win64/UE4Editor-ImgMediaEditor.dll (API version 3709383).
LogModuleManager: Display: Found up-to-date module file ../../../Engine/Plugins/Media/ImgMedia/Binaries/Win64/UE4Editor-ImgMediaFactory.dll (API version 3709383).
LogModuleManager: Display: Found up-to-date module file ../../../Engine/Plugins/Media/ImgMedia/Binaries/Win64/UE4Editor-ImgMediaFactory.dll (API version 3709383).
LogModuleManager: Display: Found up-to-date module file ../../../Engine/Plugins/Media/ImgMedia/Binaries/Win64/UE4Editor-OpenExrWrapper.dll (API version 3709383).
LogModuleManager: Display: Found up-to-date module file ../../../Engine/Plugins/Media/MediaCompositing/Binaries/Win64/UE4Editor-MediaCompositing.dll (API version 3709383).
LogModuleManager: Display: Found up-to-date module file ../../../Engine/Plugins/Media/MediaCompositing/Binaries/Win64/UE4Editor-MediaCompositingEditor.dll (API version 3709383).
LogModuleManager: Display: Found up-to-date module file ../../../Engine/Plugins/Media/MediaPlayerEditor/Binaries/Win64/UE4Editor-MediaPlayerEditor.dll (API version 3709383).
LogModuleManager: Display: Found up-to-date module file ../../../Engine/Plugins/Media/WmfMedia/Binaries/Win64/UE4Editor-WmfMedia.dll (API version 3709383).
LogModuleManager: Display: Found up-to-date module file ../../../Engine/Plugins/Media/WmfMedia/Binaries/Win64/UE4Editor-WmfMediaEditor.dll (API version 3709383).
LogModuleManager: Display: Found up-to-date module file ../../../Engine/Plugins/Media/WmfMedia/Binaries/Win64/UE4Editor-WmfMediaFactory.dll (API version 3709383).
LogModuleManager: Display: Found up-to-date module file ../../../Engine/Plugins/Media/WmfMedia/Binaries/Win64/UE4Editor-WmfMediaFactory.dll (API version 3709383).
LogModuleManager: Display: Found up-to-date module file ../../../Engine/Plugins/Messaging/TcpMessaging/Binaries/Win64/UE4Editor-TcpMessaging.dll (API version 3709383).
LogModuleManager: Display: Found up-to-date module file ../../../Engine/Plugins/Messaging/UdpMessaging/Binaries/Win64/UE4Editor-UdpMessaging.dll (API version 3709383).
LogModuleManager: Display: Found up-to-date module file ../../../Engine/Plugins/MovieScene/ActorSequence/Binaries/Win64/UE4Editor-ActorSequence.dll (API version 3709383).
LogModuleManager: Display: Found up-to-date module file ../../../Engine/Plugins/MovieScene/LevelSequenceEditor/Binaries/Win64/UE4Editor-LevelSequenceEditor.dll (API version 3709383).
LogModuleManager: Display: Found up-to-date module file ../../../Engine/Plugins/MovieScene/MatineeToLevelSequence/Binaries/Win64/UE4Editor-MatineeToLevelSequence.dll (API version 3709383).
LogModuleManager: Display: Found up-to-date module file ../../../Engine/Plugins/Online/OnlineSubsystem/Binaries/Win64/UE4Editor-OnlineSubsystem.dll (API version 3709383).
LogModuleManager: Display: Found up-to-date module file ../../../Engine/Plugins/Runtime/AndroidPermission/Binaries/Win64/UE4Editor-AndroidPermission.dll (API version 3709383).
LogModuleManager: Display: Found up-to-date module file ../../../Engine/Plugins/Online/OnlineSubsystemNull/Binaries/Win64/UE4Editor-OnlineSubsystemNull.dll (API version 3709383).
LogModuleManager: Display: Found up-to-date module file ../../../Engine/Plugins/Online/OnlineSubsystemUtils/Binaries/Win64/UE4Editor-OnlineSubsystemUtils.dll (API version 3709383).
LogModuleManager: Display: Found up-to-date module file ../../../Engine/Plugins/Online/OnlineSubsystemUtils/Binaries/Win64/UE4Editor-OnlineBlueprintSupport.dll (API version 3709383).
LogModuleManager: Display: Found up-to-date module file ../../../Engine/Plugins/Runtime/AndroidDeviceProfileSelector/Binaries/Win64/UE4Editor-AndroidDeviceProfileSelector.dll (API version 3709383).
LogModuleManager: Display: Found up-to-date module file ../../../Engine/Plugins/Runtime/AppleARKit/Binaries/Win64/UE4Editor-AppleARKit.dll (API version 3709383).
LogModuleManager: Display: Found up-to-date module file ../../../Engine/Plugins/Runtime/ArchVisCharacter/Binaries/Win64/UE4Editor-ArchVisCharacter.dll (API version 3709383).
LogModuleManager: Display: Found up-to-date module file ../../../Engine/Plugins/Runtime/CableComponent/Binaries/Win64/UE4Editor-CableComponent.dll (API version 3709383).
LogModuleManager: Display: Found up-to-date module file ../../../Engine/Plugins/Runtime/CustomMeshComponent/Binaries/Win64/UE4Editor-CustomMeshComponent.dll (API version 3709383).
LogModuleManager: Display: Found up-to-date module file ../../../Engine/Plugins/Runtime/ExampleDeviceProfileSelector/Binaries/Win64/UE4Editor-ExampleDeviceProfileSelector.dll (API version 3709383).
LogModuleManager: Display: Found up-to-date module file ../../../Engine/Plugins/Runtime/ImmediatePhysics/Binaries/Win64/UE4Editor-ImmediatePhysics.dll (API version 3709383).
LogModuleManager: Display: Found up-to-date module file ../../../Engine/Plugins/Runtime/ImmediatePhysics/Binaries/Win64/UE4Editor-ImmediatePhysicsEditor.dll (API version 3709383).
LogModuleManager: Display: Found up-to-date module file ../../../Engine/Plugins/Runtime/LocationServicesBPLibrary/Binaries/Win64/UE4Editor-LocationServicesBPLibrary.dll (API version 3709383).
LogModuleManager: Display: Found up-to-date module file ../../../Engine/Plugins/Runtime/MobilePatchingUtils/Binaries/Win64/UE4Editor-MobilePatchingUtils.dll (API version 3709383).
LogModuleManager: Display: Found up-to-date module file ../../../Engine/Plugins/Runtime/Oculus/OculusVR/Binaries/Win64/UE4Editor-OculusHMD.dll (API version 3709383).
LogModuleManager: Display: Found up-to-date module file ../../../Engine/Plugins/Runtime/Oculus/OculusVR/Binaries/Win64/UE4Editor-OculusInput.dll (API version 3709383).
LogModuleManager: Display: Found up-to-date module file ../../../Engine/Plugins/Runtime/Oculus/OculusVR/Binaries/Win64/UE4Editor-OculusEditor.dll (API version 3709383).
LogModuleManager: Display: Found up-to-date module file ../../../Engine/Plugins/Runtime/PhysXVehicles/Binaries/Win64/UE4Editor-PhysXVehicles.dll (API version 3709383).
LogModuleManager: Display: Found up-to-date module file ../../../Engine/Plugins/Runtime/PhysXVehicles/Binaries/Win64/UE4Editor-PhysXVehiclesEditor.dll (API version 3709383).
LogModuleManager: Display: Found up-to-date module file ../../../Engine/Plugins/Runtime/ProceduralMeshComponent/Binaries/Win64/UE4Editor-ProceduralMeshComponent.dll (API version 3709383).
LogModuleManager: Display: Found up-to-date module file ../../../Engine/Plugins/Runtime/ProceduralMeshComponent/Binaries/Win64/UE4Editor-ProceduralMeshComponentEditor.dll (API version 3709383).
LogModuleManager: Display: Found up-to-date module file ../../../Engine/Plugins/Runtime/RuntimePhysXCooking/Binaries/Win64/UE4Editor-RuntimePhysXCooking.dll (API version 3709383).
LogModuleManager: Display: Found up-to-date module file ../../../Engine/Plugins/Runtime/Steam/SteamVR/Binaries/Win64/UE4Editor-SteamVR.dll (API version 3709383).
LogModuleManager: Display: Found up-to-date module file ../../../Engine/Plugins/Runtime/Steam/SteamVR/Binaries/Win64/UE4Editor-SteamVRController.dll (API version 3709383).
LogModuleManager: Display: Found up-to-date module file ../../../Engine/Plugins/Runtime/WindowsMoviePlayer/Binaries/Win64/UE4Editor-WindowsMoviePlayer.dll (API version 3709383).
LogPluginManager: Mounting plugin Paper2D
LogPluginManager: Mounting plugin LightPropagationVolume
LogPluginManager: Mounting plugin CodeLiteSourceCodeAccess
LogPluginManager: Mounting plugin GitSourceControl
LogPluginManager: Mounting plugin KDevelopSourceCodeAccess
LogPluginManager: Mounting plugin NullSourceCodeAccess
LogPluginManager: Mounting plugin PerforceSourceControl
LogPluginManager: Mounting plugin SubversionSourceControl
LogPluginManager: Mounting plugin UObjectPlugin
LogPluginManager: Mounting plugin VisualStudioCodeSourceCodeAccess
LogPluginManager: Mounting plugin VisualStudioSourceCodeAccess
LogPluginManager: Mounting plugin XCodeSourceCodeAccess
LogPluginManager: Mounting plugin AssetManagerEditor
LogPluginManager: Mounting plugin AudioCapture
LogPluginManager: Mounting plugin FacialAnimation
LogPluginManager: Mounting plugin GameplayTagsEditor
LogPluginManager: Mounting plugin MobileLauncherProfileWizard
LogPluginManager: Mounting plugin PluginBrowser
LogPluginManager: Mounting plugin SpeedTreeImporter
LogPluginManager: Mounting plugin AlembicImporter
LogPluginManager: Mounting plugin CharacterAI
LogPluginManager: Mounting plugin HTML5Networking
LogPluginManager: Mounting plugin AndroidMedia
LogPluginManager: Mounting plugin AvfMedia
LogPluginManager: Mounting plugin ImgMedia
LogPluginManager: Mounting plugin MediaCompositing
LogPluginManager: Mounting plugin MediaPlayerEditor
LogPluginManager: Mounting plugin WmfMedia
LogPluginManager: Mounting plugin TcpMessaging
LogPluginManager: Mounting plugin UdpMessaging
LogPluginManager: Mounting plugin ActorSequence
LogPluginManager: Mounting plugin LevelSequenceEditor
LogPluginManager: Mounting plugin MatineeToLevelSequence
LogPluginManager: Mounting plugin OnlineSubsystemGooglePlay
LogPluginManager: Mounting plugin OnlineSubsystemIOS
LogPluginManager: Mounting plugin OnlineSubsystem
LogPluginManager: Mounting plugin OnlineSubsystemNull
LogPluginManager: Mounting plugin OnlineSubsystemUtils
LogPluginManager: Mounting plugin AndroidDeviceProfileSelector
LogPluginManager: Mounting plugin AndroidMoviePlayer
LogPluginManager: Mounting plugin AndroidPermission
LogPluginManager: Mounting plugin AppleARKit
LogPluginManager: Mounting plugin AppleMoviePlayer
LogPluginManager: Mounting plugin ArchVisCharacter
LogPluginManager: Mounting plugin CableComponent
LogPluginManager: Mounting plugin CustomMeshComponent
LogPluginManager: Mounting plugin ExampleDeviceProfileSelector
LogPluginManager: Mounting plugin GoogleCloudMessaging
LogPluginManager: Mounting plugin ImmediatePhysics
LogPluginManager: Mounting plugin IOSDeviceProfileSelector
LogPluginManager: Mounting plugin LinuxDeviceProfileSelector
LogPluginManager: Mounting plugin LocationServicesBPLibrary
LogPluginManager: Mounting plugin MobilePatchingUtils
LogPluginManager: Mounting plugin OculusVR
LogPluginManager: Plugin shader directory ../../../Engine/Plugins/Runtime/Oculus/OculusVR/Shaders found
LogPluginManager: Mapping shader source directory ../../../Engine/Plugins/Runtime/Oculus/OculusVR/Shaders to virtual directory /Plugin/OculusVR
LogPluginManager: Mounting plugin PhysXVehicles
LogPluginManager: Mounting plugin ProceduralMeshComponent
LogPluginManager: Mounting plugin RuntimePhysXCooking
LogPluginManager: Mounting plugin SteamVR
LogPluginManager: Mounting plugin WindowsMoviePlayer
LogInit: Using libcurl 7.47.1
LogInit:  - built for x86_64-pc-win32
LogInit:  - supports SSL with OpenSSL/1.0.2g
LogInit:  - supports HTTP deflate (compression) using libz 1.2.8
LogInit:  - other features:
LogInit:      CURL_VERSION_SSL
LogInit:      CURL_VERSION_LIBZ
LogInit:      CURL_VERSION_IPV6
LogInit:      CURL_VERSION_ASYNCHDNS
LogInit:      CURL_VERSION_LARGEFILE
LogInit:      CURL_VERSION_IDN
LogInit:  CurlRequestOptions (configurable via config and command line):
LogInit:  - bVerifyPeer = false  - Libcurl will NOT verify peer certificate
LogInit:  - bUseHttpProxy = false  - Libcurl will NOT use HTTP proxy
LogInit:  - bDontReuseConnections = false  - Libcurl will reuse connections
LogInit:  - CertBundlePath = nullptr  - Libcurl will use whatever was configured at build time.
LogInit: Build: ++UE4+Release-4.18-CL-3754814
LogInit: Engine Version: 4.18.1-3754814+++UE4+Release-4.18
LogInit: Compatible Engine Version: 4.18.0-3709383+++UE4+Release-4.18
LogInit: Net CL: 3709383
LogDevObjectVersion: Number of dev versions registered: 16
LogDevObjectVersion:   Dev-Blueprints (B0D832E4-1F89-4F0D-ACCF-7EB736FD4AA2): 10
LogDevObjectVersion:   Dev-Build (E1C64328-A22C-4D53-A36C-8E866417BD8C): 0
LogDevObjectVersion:   Dev-Core (375EC13C-06E4-48FB-B500-84F0262A717E): 2
LogDevObjectVersion:   Dev-Editor (E4B068ED-F494-42E9-A231-DA0B2E46BB41): 20
LogDevObjectVersion:   Dev-Framework (CFFC743F-43B0-4480-9391-14DF171D2073): 30
LogDevObjectVersion:   Dev-Mobile (B02B49B5-BB20-44E9-A304-32B752E40360): 0
LogDevObjectVersion:   Dev-Networking (A4E4105C-59A1-49B5-A7C5-40C4547EDFEE): 0
LogDevObjectVersion:   Dev-Online (39C831C9-5AE6-47DC-9A44-9C173E1C8E7C): 0
LogDevObjectVersion:   Dev-Physics (78F01B33-EBEA-4F98-B9B4-84EACCB95AA2): 0
LogDevObjectVersion:   Dev-Platform (6631380F-2D4D-43E0-8009-CF276956A95A): 0
LogDevObjectVersion:   Dev-Rendering (12F88B9F-8875-4AFC-A67C-D90C383ABD29): 20
LogDevObjectVersion:   Dev-Sequencer (7B5AE74C-D270-4C10-A958-57980B212A5A): 4
LogDevObjectVersion:   Dev-VR (D7296918-1DD6-4BDD-9DE2-64A83CC13884): 0
LogDevObjectVersion:   Dev-LoadTimes (C2A15278-BFE7-4AFE-6C17-90FF531DF755): 1
LogDevObjectVersion:   Private-Geometry (6EACA3D4-40EC-4CC1-B786-8BED09428FC5): 1
LogDevObjectVersion:   Dev-AnimPhys (29E575DD-E0A3-4627-9D10-D276232CDCEA): 12
LogInit: Compiled (64-bit): Nov 14 2017 02:05:55
LogInit: Compiled with Visual C++: 19.00.24215.01
LogInit: Build Configuration: Development
LogInit: Branch Name: ++UE4+Release-4.18
LogInit: Command line:  
LogInit: Base directory: C:/Program Files/Epic Games/UE_4.18/Engine/Binaries/Win64/
LogInit: Installed Engine Build: 1
LogInit: Presizing for max 8388607 objects, including 0 objects not considered by GC, pre-allocating 0 bytes for permanent pool.
LogInit: Object subsystem initialized
[2018.01.06-16.49.04:128][  0]LogInit: Selected Device Profile: [Windows]
[2018.01.06-16.49.04:128][  0]LogInit: Applying CVar settings loaded from the selected device profile: [Windows]
[2018.01.06-16.49.04:145][  0]LogInit: Computer: TERMINAL-DOGMA
[2018.01.06-16.49.04:145][  0]LogInit: User: Shinji
[2018.01.06-16.49.04:145][  0]LogInit: CPU Page size=4096, Cores=4
[2018.01.06-16.49.04:145][  0]LogInit: High frequency timer resolution =2.648436 MHz
[2018.01.06-16.49.04:145][  0]LogMemory: Memory total: Physical=8.0GB (8GB approx)
[2018.01.06-16.49.04:145][  0]LogMemory: Platform Memory Stats for Windows
[2018.01.06-16.49.04:145][  0]LogMemory: Process Physical Memory: 271.51 MB used, 271.51 MB peak
[2018.01.06-16.49.04:145][  0]LogMemory: Process Virtual Memory: 269.71 MB used, 269.71 MB peak
[2018.01.06-16.49.04:145][  0]LogMemory: Physical Memory: 5318.01 MB used,  2832.78 MB free, 8150.79 MB total
[2018.01.06-16.49.04:145][  0]LogMemory: Virtual Memory: 676.88 MB used,  2832.78 MB free, 134217728.00 MB total
[2018.01.06-16.49.04:308][  0]LogInit: Using OS detected language (fr-FR).
[2018.01.06-16.49.04:308][  0]LogInit: Using OS detected locale (fr-FR).
[2018.01.06-16.49.04:311][  0]LogTextLocalizationManager: No localization for 'fr-FR' exists, so 'en' will be used for the language.
[2018.01.06-16.49.04:311][  0]LogTextLocalizationManager: No localization for 'fr-FR' exists, so 'en' will be used for the locale.
[2018.01.06-16.49.04:762][  0]LogInit: Setting process to per monitor DPI aware
[2018.01.06-16.49.05:044][  0]LogD3D11RHI: D3D11 adapters:
[2018.01.06-16.49.05:092][  0]LogD3D11RHI:    0. 'NVIDIA GeForce GTX 960' (Feature Level 11_0)
[2018.01.06-16.49.05:093][  0]LogD3D11RHI:       2016/0/4075 MB DedicatedVideo/DedicatedSystem/SharedSystem, Outputs:2, VendorId:0x10de
[2018.01.06-16.49.05:095][  0]LogD3D11RHI:    1. 'Microsoft Basic Render Driver' (Feature Level 11_0)
[2018.01.06-16.49.05:095][  0]LogD3D11RHI:       0/0/4075 MB DedicatedVideo/DedicatedSystem/SharedSystem, Outputs:0, VendorId:0x1414
[2018.01.06-16.49.05:095][  0]LogD3D11RHI: Chosen D3D11 Adapter: 0
[2018.01.06-16.49.05:103][  0]LogD3D11RHI: Creating new Direct3DDevice
[2018.01.06-16.49.05:103][  0]LogD3D11RHI:     GPU DeviceId: 0x1401 (for the marketing name, search the web for "GPU Device Id")
[2018.01.06-16.49.05:103][  0]LogWindows: EnumDisplayDevices:
[2018.01.06-16.49.05:103][  0]LogWindows:    0. 'NVIDIA GeForce GTX 960' (P:1 D:1)
[2018.01.06-16.49.05:103][  0]LogWindows:    1. 'NVIDIA GeForce GTX 960' (P:0 D:1)
[2018.01.06-16.49.05:103][  0]LogWindows:    2. 'NVIDIA GeForce GTX 960' (P:0 D:0)
[2018.01.06-16.49.05:104][  0]LogWindows:    3. 'NVIDIA GeForce GTX 960' (P:0 D:0)
[2018.01.06-16.49.05:104][  0]LogWindows: DebugString: GetVideoDriverDetailsInvalid PrimaryIsNotTheChoosenAdapter GetVideoDriverDetailsInvalid PrimaryIsNotTheChoosenAdapter GetVideoDriverDetailsInvalid PrimaryIsNotTheChoosenAdapter GetVideoDriverDetailsInvalid PrimaryIsNotTheChoosenAdapter FoundDriverCount:0 
[2018.01.06-16.49.05:104][  0]LogD3D11RHI:     Adapter Name: NVIDIA GeForce GTX 960
[2018.01.06-16.49.05:104][  0]LogD3D11RHI:   Driver Version: Unknown (internal:Unknown, unified:Unknown)
[2018.01.06-16.49.05:104][  0]LogD3D11RHI:      Driver Date: Unknown
[2018.01.06-16.49.05:104][  0]LogRHI: Texture pool is 1411 MB (70% of 2016 MB)
[2018.01.06-16.49.05:133][  0]LogD3D11RHI: Async texture creation enabled
[2018.01.06-16.49.05:145][  0]LogD3D11RHI: GPU Timing Frequency: 1000.000000 (Debug: 2 1)
[2018.01.06-16.49.05:148][  0]LogShaderCompilers: Guid format shader working directory is 1 characters bigger than the processId version (../../../../../../GitHub/PjrVincennes/vincenne/Intermediate/Shaders/WorkingDirectory/8424/).
[2018.01.06-16.49.05:148][  0]LogShaderCompilers: Cleaned the shader compiler working directory 'C:/Users/Shinji/AppData/Local/Temp/UnrealShaderWorkingDir/D30C07BD426250E979B607BEA6CA0FAA/'.
[2018.01.06-16.49.05:148][  0]LogShaderCompilers: Display: Using Local Shader Compiler.
[2018.01.06-16.49.06:265][  0]LogTemp: Display: Loaded TP AllDesktopTargetPlatform
[2018.01.06-16.49.06:322][  0]LogTemp: Display: Loaded TP MacClientTargetPlatform
[2018.01.06-16.49.06:384][  0]LogTemp: Display: Loaded TP MacNoEditorTargetPlatform
[2018.01.06-16.49.06:444][  0]LogTemp: Display: Loaded TP MacServerTargetPlatform
[2018.01.06-16.49.06:499][  0]LogTemp: Display: Loaded TP MacTargetPlatform
[2018.01.06-16.49.06:556][  0]LogTemp: Display: Loaded TP WindowsClientTargetPlatform
[2018.01.06-16.49.06:612][  0]LogTemp: Display: Loaded TP WindowsNoEditorTargetPlatform
[2018.01.06-16.49.06:670][  0]LogTemp: Display: Loaded TP WindowsServerTargetPlatform
[2018.01.06-16.49.06:730][  0]LogTemp: Display: Loaded TP WindowsTargetPlatform
[2018.01.06-16.49.06:821][  0]LogTemp: Display: Loaded TP Android_ASTCTargetPlatform
[2018.01.06-16.49.06:880][  0]LogTemp: Display: Loaded TP Android_ATCTargetPlatform
[2018.01.06-16.49.06:944][  0]LogTemp: Display: Loaded TP Android_DXTTargetPlatform
[2018.01.06-16.49.07:002][  0]LogTemp: Display: Loaded TP Android_ETC1TargetPlatform
[2018.01.06-16.49.07:058][  0]LogTemp: Display: Loaded TP Android_ETC2TargetPlatform
[2018.01.06-16.49.07:187][  0]LogTemp: Display: Loaded TP Android_MultiTargetPlatform
[2018.01.06-16.49.07:187][  0]LogTemp: Display: Loaded TP Android_PVRTCTargetPlatform
[2018.01.06-16.49.07:269][  0]LogTemp: Display: Loaded TP AndroidTargetPlatform
[2018.01.06-16.49.07:324][  0]LogTemp: Display: Loaded TP HTML5TargetPlatform
[2018.01.06-16.49.07:440][  0]LogTemp: Display: Loaded TP IOSTargetPlatform
[2018.01.06-16.49.07:472][  0]LogTemp: Display: Loaded TP TVOSTargetPlatform
[2018.01.06-16.49.07:542][  0]LogTemp: Display: Loaded TP LinuxClientTargetPlatform
[2018.01.06-16.49.07:617][  0]LogTemp: Display: Loaded TP LinuxNoEditorTargetPlatform
[2018.01.06-16.49.07:684][  0]LogTemp: Display: Loaded TP LinuxServerTargetPlatform
[2018.01.06-16.49.07:755][  0]LogTemp: Display: Loaded TP LinuxTargetPlatform
[2018.01.06-16.49.07:755][  0]LogTargetPlatformManager: Display: Building Assets For Windows
[2018.01.06-16.49.08:363][  0]LogDerivedDataCache: Display: Max Cache Size: 512 MB
[2018.01.06-16.49.08:447][  0]LogDerivedDataCache: Loaded boot cache 0.08s 78MB C:/Users/Shinji/AppData/Local/UnrealEngine/4.18/DerivedDataCache/Boot.ddc.
[2018.01.06-16.49.08:448][  0]LogDerivedDataCache: Display: Loaded Boot cache: C:/Users/Shinji/AppData/Local/UnrealEngine/4.18/DerivedDataCache/Boot.ddc
[2018.01.06-16.49.08:448][  0]LogDerivedDataCache: FDerivedDataBackendGraph:  Pak pak cache file ../../../../../../GitHub/PjrVincennes/vincenne/DerivedDataCache/DDC.ddp not found, will not use a pak cache.
[2018.01.06-16.49.08:448][  0]LogDerivedDataCache: Unable to find inner node Pak for hierarchical cache Hierarchy.
[2018.01.06-16.49.08:448][  0]LogDerivedDataCache: FDerivedDataBackendGraph:  CompressedPak pak cache file ../../../../../../GitHub/PjrVincennes/vincenne/DerivedDataCache/Compressed.ddp not found, will not use a pak cache.
[2018.01.06-16.49.08:448][  0]LogDerivedDataCache: Unable to find inner node CompressedPak for hierarchical cache Hierarchy.
[2018.01.06-16.49.08:464][  0]LogDerivedDataCache: Display: Pak cache opened for reading ../../../Engine/DerivedDataCache/Compressed.ddp.
[2018.01.06-16.49.08:476][  0]LogDerivedDataCache: Using Local data cache path C:/Users/Shinji/AppData/Local/UnrealEngine/Common/DerivedDataCache: Writable
[2018.01.06-16.49.08:488][  0]LogMaterial: Verifying Global Shaders for PCD3D_SM5
[2018.01.06-16.49.08:488][  0]LogSlate: Using Freetype 2.6.0
[2018.01.06-16.49.08:489][  0]LogSlate: SlateFontCache - WITH_FREETYPE: 1, WITH_HARFBUZZ: 1
[2018.01.06-16.49.08:489][  0]LogSlate: SlateFontCache - WITH_FREETYPE: 1, WITH_HARFBUZZ: 1
[2018.01.06-16.49.08:929][  0]LogInit: Selected Device Profile: [Windows]
[2018.01.06-16.49.09:352][  0]LogSimplygon: Simplygon DLL not present - disabling.
[2018.01.06-16.49.09:407][  0]LogMeshReduction: Using SimplygonSwarm for distributed automatic mesh merging
[2018.01.06-16.49.09:407][  0]LogMeshReduction: Using QuadricMeshReduction for automatic static mesh reduction
[2018.01.06-16.49.09:407][  0]LogMeshReduction: No automatic skeletal mesh reduction module available
[2018.01.06-16.49.09:407][  0]LogMeshReduction: No automatic mesh merging module available
[2018.01.06-16.49.09:407][  0]LogMeshMerging: No automatic mesh merging module available
[2018.01.06-16.49.09:443][  0]LogNetVersion: vincenne , NetCL: 3709383, EngineNetVer: 2, GameNetVer: 0 (Checksum: 502105925)
[2018.01.06-16.49.09:621][  0]LogAssetRegistry: FAssetRegistry took 0.0268 seconds to start up
[2018.01.06-16.49.10:165][  0]LogPackageLocalizationCache: Processed 7 localized package path(s) for 1 prioritized culture(s) in 0.038476 seconds
[2018.01.06-16.49.10:171][  0]LogUObjectArray: 35900 objects as part of root set at end of initial load.
[2018.01.06-16.49.10:171][  0]LogUObjectAllocator: 7372016 out of 0 bytes used by permanent object pool.
[2018.01.06-16.49.10:171][  0]LogUObjectArray: CloseDisregardForGC: 0/0 objects in disregard for GC pool
[2018.01.06-16.49.10:238][  0]LogInit: WinSock: version 1.1 (2.2), MaxSocks=32767, MaxUdp=65467
[2018.01.06-16.49.13:609][  0]LogTcpMessaging: Initializing TcpMessaging bridge
[2018.01.06-16.49.13:657][  0]LogUdpMessaging: Initializing bridge on interface 0.0.0.0:0 to multicast group 230.0.0.1:6666.
[2018.01.06-16.49.14:440][  0]LogMaterial: Uniform references updated for custom material expression Custom.
[2018.01.06-16.49.14:945][  0]SourceControl: Source control is disabled
[2018.01.06-16.49.14:945][  0]SourceControl: Source control is disabled
[2018.01.06-16.49.15:007][  0]SourceControl: Source control is disabled
[2018.01.06-16.49.15:070][  0]SourceControl: Source control is disabled
[2018.01.06-16.49.15:997][  0]LogAndroidPermission: UAndroidPermissionCallbackProxy::GetInstance
[2018.01.06-16.49.16:295][  0]LogOcInput: OculusInput pre-init called
[2018.01.06-16.49.16:627][  0]LogEngine: Initializing Engine...
[2018.01.06-16.49.16:629][  0]LogHMD: Failed to initialize OpenVR with code 110
[2018.01.06-16.49.16:887][  0]LogStats: UGameplayTagsManager::ConstructGameplayTagTree: Construct from data asset -  0.000 s
[2018.01.06-16.49.16:899][  0]LogStats: UGameplayTagsManager::ConstructGameplayTagTree: GameplayTagTreeChangedEvent.Broadcast -  0.000 s
[2018.01.06-16.49.17:058][  0]LogAIModule: Creating AISystem for world Untitled
[2018.01.06-16.49.17:066][  0]LogInit: XAudio2 using 'Haut-parleurs (Realtek High Definition Audio)' : 2 channels at 48 kHz using 32 bits per sample (channel mask 0x3)
[2018.01.06-16.49.17:080][  0]LogInit: FAudioDevice initialized.
[2018.01.06-16.49.17:163][  0]LogDerivedDataCache: Saved boot cache 0.08s 78MB C:/Users/Shinji/AppData/Local/UnrealEngine/4.18/DerivedDataCache/Boot.ddc.
[2018.01.06-16.49.17:187][  0]LogInit: Texture streaming: Enabled
[2018.01.06-16.49.17:305][  0]LogEngineSessionManager: EngineSessionManager initialized
[2018.01.06-16.49.17:476][  0]LogInit: Transaction tracking system initialized
[2018.01.06-16.49.17:900][  0]BlueprintLog: New page: Editor Load
[2018.01.06-16.49.18:987][  0]LocalizationService: Localization service is disabled
[2018.01.06-16.49.19:573][  0]LogLinker: Warning: Can't find file '/Game/TwinStickBP/TwinStickOverview'
[2018.01.06-16.49.19:573][  0]LogLinker: Warning: Can't find file '/Game/TwinStickBP/TwinStickOverview'
[2018.01.06-16.49.19:573][  0]LogUObjectGlobals: Warning: Failed to find object 'Class /Game/TwinStickBP/TwinStickOverview.TwinStickOverview_C'
[2018.01.06-16.49.19:828][  0]LogConsoleResponse: Display: 
[2018.01.06-16.49.20:023][  0]LogCook: Display: Max memory allowance for cook 16384mb min free memory 0mb
[2018.01.06-16.49.20:023][  0]LogCook: Display: Mobile HDR setting 1
[2018.01.06-16.49.20:023][  0]LogGameplayTags: Display: UGameplayTagsManager::DoneAddingNativeTags. DelegateIsBound: 0
[2018.01.06-16.49.20:749][  0]LogFileCache: Scanning file cache for directory 'C:/GitHub/PjrVincennes/vincenne/Content/' took 0.02s
[2018.01.06-16.49.21:366][  0]SourceControl: Source control is disabled
[2018.01.06-16.49.21:366][  0]Cmd: MAP LOAD FILE="../../../../../../GitHub/PjrVincennes/vincenne/Content/FirstPersonBP/Maps/FirstPersonExampleMap.umap" TEMPLATE=0 SHOWPROGRESS=1 FEATURELEVEL=3
[2018.01.06-16.49.21:366][  0]LightingResults: New page: Lighting Build
[2018.01.06-16.49.21:413][  0]MapCheck: New page: Map Check
[2018.01.06-16.49.21:414][  0]LightingResults: New page: Lighting Build
[2018.01.06-16.49.22:593][  0]LogAIModule: Creating AISystem for world FirstPersonExampleMap
[2018.01.06-16.49.22:606][  0]LogEditorServer: Finished looking for orphan Actors (0.000 secs)
[2018.01.06-16.49.22:622][  0]Cmd: MAP CHECKDEP NOCLEARLOG
[2018.01.06-16.49.22:686][  0]MapCheck: Map check complete: 0 Error(s), 0 Warning(s), took 63.374ms to complete.
[2018.01.06-16.49.22:686][  0]LogFileHelpers: Loading map 'FirstPersonExampleMap' took 1.320
[2018.01.06-16.49.22:761][  0]LogWindowsTextInputMethodSystem: Display: IME system now deactivated.
[2018.01.06-16.49.22:761][  0]LogWindowsTextInputMethodSystem: Display: IME system now deactivated.
[2018.01.06-16.49.22:880][  0]LogCollectionManager: Loaded 0 collections in 0.001516 seconds
[2018.01.06-16.49.22:972][  0]LogFileCache: Scanning file cache for directory 'C:/GitHub/PjrVincennes/vincenne/Saved/Collections/' took 0.01s
[2018.01.06-16.49.22:972][  0]LogFileCache: Scanning file cache for directory 'C:/GitHub/PjrVincennes/vincenne/Content/Developers/Shinji/Collections/' took 0.01s
[2018.01.06-16.49.22:972][  0]LogFileCache: Scanning file cache for directory 'C:/GitHub/PjrVincennes/vincenne/Content/Collections/' took 0.01s
[2018.01.06-16.49.22:972][  0]LogCollectionManager: Rebuilt the GUID cache for 0 collections in 0.000000 seconds
[2018.01.06-16.49.22:982][  0]LogContentBrowser: Native class hierarchy populated in 0.0096 seconds. Added 2363 classes and 519 folders.
[2018.01.06-16.49.23:078][  0]LogContentBrowser: Native class hierarchy updated for 'WidgetCarousel' in 0.0002 seconds. Added 0 classes and 0 folders.
[2018.01.06-16.49.23:513][  0]LogContentBrowser: Native class hierarchy updated for 'AddContentDialog' in 0.0002 seconds. Added 0 classes and 0 folders.
[2018.01.06-16.49.23:567][  0]LogContentBrowser: Native class hierarchy updated for 'SceneOutliner' in 0.0002 seconds. Added 1 classes and 2 folders.
[2018.01.06-16.49.23:648][  0]LogSlate: Took 0.000252 seconds to synchronously load lazily loaded font '../../../Engine/Content/Slate/Fonts/Roboto-Regular.ttf' (155K)
[2018.01.06-16.49.23:651][  0]LogSlate: Took 0.000206 seconds to synchronously load lazily loaded font '../../../Engine/Content/Slate/Fonts/Roboto-Bold.ttf' (160K)
[2018.01.06-16.49.23:665][  0]LogSlate: Took 0.008353 seconds to synchronously load lazily loaded font '../../../Engine/Content/Editor/Slate/Fonts/FontAwesome.ttf' (139K)
[2018.01.06-16.49.23:809][  0]LogRenderer: Reallocating scene render targets to support 964x548 Format 10 NumSamples 1 (Frame:1).
[2018.01.06-16.49.23:988][  0]LogContentBrowser: Native class hierarchy updated for 'HierarchicalLODOutliner' in 0.0003 seconds. Added 1 classes and 2 folders.
[2018.01.06-16.49.23:988][  0]LogLoad: (Engine Initialization) Total time: 22.38 seconds
[2018.01.06-16.49.23:988][  0]LogLoad: (Engine Initialization) Total Blueprint compile time: 0.00 seconds
[2018.01.06-16.49.23:988][  0]LogExternalProfiler: Found external profiler: VSPerf
[2018.01.06-16.49.23:988][  0]LogExternalProfiler: Using external profiler: VSPerf
[2018.01.06-16.49.24:021][  0]LogContentStreaming: Texture pool size now 1000 MB
[2018.01.06-16.49.24:109][  0]LogSlate: Took 0.006414 seconds to synchronously load lazily loaded font '../../../Engine/Content/Slate/Fonts/Roboto-Light.ttf' (159K)
[2018.01.06-16.49.24:138][  1]LogAssetRegistry: Asset discovery search completed in 14.5390 seconds
[2018.01.06-16.49.24:140][  1]LogCollectionManager: Rebuilt the object cache for 0 collections in 0.000000 seconds (found 0 objects)
[2018.01.06-16.49.24:141][  1]LogCollectionManager: Fixed up redirectors for 0 collections in 0.000096 seconds (updated 0 objects)
[2018.01.06-17.09.37:304][732]LogHttp: Warning: 000001F8929B5A80: request failed, libcurl error: 6 (Couldn't resolve host name)
[2018.01.06-17.09.37:304][732]LogHttp: Warning: 000001F8929B5A80: libcurl info message cache 0 (Found bundle for host datarouter.ol.epicgames.com: 0x1f8813a7fb8 [can pipeline])
[2018.01.06-17.09.37:304][732]LogHttp: Warning: 000001F8929B5A80: libcurl info message cache 1 (Re-using existing connection! (#5) with host datarouter.ol.epicgames.com)
[2018.01.06-17.09.37:304][732]LogHttp: Warning: 000001F8929B5A80: libcurl info message cache 2 (Connected to datarouter.ol.epicgames.com (52.0.171.154) port 443 (#5))
[2018.01.06-17.09.37:304][732]LogHttp: Warning: 000001F8929B5A80: libcurl info message cache 3 (upload completely sent off: 191 out of 191 bytes)
[2018.01.06-17.09.37:304][732]LogHttp: Warning: 000001F8929B5A80: libcurl info message cache 4 (TLSv1.2 (IN), TLS alert, Client hello (1):)
[2018.01.06-17.09.37:304][732]LogHttp: Warning: 000001F8929B5A80: libcurl info message cache 5 (Connection died, retrying a fresh connect)
[2018.01.06-17.09.37:304][732]LogHttp: Warning: 000001F8929B5A80: libcurl info message cache 6 (Closing connection 5)
[2018.01.06-17.09.37:304][732]LogHttp: Warning: 000001F8929B5A80: libcurl info message cache 7 (TLSv1.2 (OUT), TLS alert, Client hello (1):)
[2018.01.06-17.09.37:304][732]LogHttp: Warning: 000001F8929B5A80: libcurl info message cache 8 (Issue another request to this URL: 'https://datarouter.ol.epicgames.com/datarouter/api/v1/public/data?SessionID=%7B71B54DBB-49A9-3B76-846F-4390C774B7CF%7D&AppID=UEEditor.Rocket.Release&AppVersion=4.18.1-3754814%2B%2B%2BUE4%2BRelease-4.18&UserID=92e3aefd41b7c695efbcfb98eb2c896b%7C6ace15050a664c27b77f896c288c714a%7Cd288687f-6b1a-437f-a021-94e74db70431&AppEnvironment=datacollector-binary&UploadType=eteventstream')
[2018.01.06-17.09.37:304][732]LogHttp: Warning: 000001F8929B5A80: libcurl info message cache 9 (Could not resolve host: datarouter.ol.epicgames.com)
[2018.01.06-17.09.37:304][732]LogHttp: Warning: 000001F8929B5A80: libcurl info message cache 10 (Closing connection 6)
[2018.01.06-17.10.36:834][880]MapCheck: New page: Map Check
[2018.01.06-17.10.36:860][880]Cmd: MAP REBUILD ALLVISIBLE
[2018.01.06-17.10.36:861][880]LogEditorServer: Rebuildmap Clear paths rebuilt
[2018.01.06-17.10.37:174][880]LogMaterial: Missing cached shader map for material FDebugViewModeMaterialProxy WorldGridMaterial, compiling. Is special engine material.
[2018.01.06-17.10.37:194][880]LogMaterial: Missing cached shader map for material FDebugViewModeMaterialProxy AntiAliasedTextMaterialTranslucent, compiling. 
[2018.01.06-17.10.37:200][880]LogMaterial: Missing cached shader map for material FDebugViewModeMaterialProxy MaterialInstanceDynamic_1, compiling. 
[2018.01.06-17.10.37:208][880]LogMaterial: Missing cached shader map for material FDebugViewModeMaterialProxy Material, compiling. 
[2018.01.06-17.10.37:214][880]LogMaterial: Missing cached shader map for material FDebugViewModeMaterialProxy MatineeCam_mat, compiling. 
[2018.01.06-17.10.37:222][880]LogMaterial: Missing cached shader map for material FDebugViewModeMaterialProxy M_FPGun, compiling. 
[2018.01.06-17.10.37:233][880]LogMaterial: Missing cached shader map for material FDebugViewModeMaterialProxy M_UE4Man_Body, compiling. 
[2018.01.06-17.10.38:526][880]TextureStreamingBuild: Display: Compiling optional shaders took 1.360 seconds.
[2018.01.06-17.10.38:536][880]LogLevel: Display: Export Material TexCoord Scales took 0.010 seconds.
[2018.01.06-17.10.38:543][880]TextureStreamingBuild: Display: Build Texture Streaming took 0.006 seconds.
[2018.01.06-17.10.38:560][880]LightingResults: New page: Lighting Build - Jan 6, 2018, 7:10:38 PM
[2018.01.06-17.10.38:661][880]LogSwarmInterface: [OpenConnection] Registering TCP channel ...
[2018.01.06-17.10.38:741][880]LogSwarmInterface: [OpenConnection] Connecting to agent ...
[2018.01.06-17.10.38:826][880]LogSwarmInterface: [TryOpenConnection] Testing the Agent
[2018.01.06-17.10.39:379][880]LogSwarmInterface: [TryOpenConnection] Opening Connection to Agent
[2018.01.06-17.10.39:379][880]LogSwarmInterface: [TryOpenConnection] Local Process ID is 8424
[2018.01.06-17.10.42:300][880]LogStaticLightingSystem: Running Lightmass w/ ImmediateImport mode ENABLED
[2018.01.06-17.10.42:300][880]LogStaticLightingSystem: Running Lightmass w/ ImmediateProcess mode ENABLED
[2018.01.06-17.10.42:300][880]LogStaticLightingSystem: Running Lightmass w/ Sorting mode ENABLED
[2018.01.06-17.10.42:300][880]LogStaticLightingSystem: Running Lightmass w/ Mapping paddings ENABLED
[2018.01.06-17.10.42:300][880]LogStaticLightingSystem: Running Lightmass w/ Mapping debug paddings DISABLED
[2018.01.06-17.10.42:747][880]Cmd: MAP CHECK DONTDISPLAYDIALOG
[2018.01.06-17.10.42:747][880]MapCheck: New page: FirstPersonExampleMap - Jan 6, 2018, 7:10:42 PM
[2018.01.06-17.10.42:752][880]MapCheck: Error: WorldInfo_0 Maps need lighting rebuilt 
[2018.01.06-17.10.42:812][880]MapCheck: Map check complete: 1 Error(s), 0 Warning(s), took 64.898ms to complete.
[2018.01.06-17.10.42:835][880]LogEditorBuildUtils: Build time 0:05
[2018.01.06-17.10.46:458][129]LightingResults: Warning: Full_chapelle Object has overlapping UVs.
[2018.01.06-17.10.46:458][129]LightingResults: Full_chapelle Lightmap UV are overlapping by 5.7%. Please adjust content - Enable Error Coloring to visualize.
[2018.01.06-17.10.47:172][199]LightingResults: Warning: Full_chambre Object has overlapping UVs.
[2018.01.06-17.10.47:172][199]LightingResults: Full_chambre Lightmap UV are overlapping by 63.7%. Please adjust content - Enable Error Coloring to visualize.
[2018.01.06-17.10.47:239][206]Job is a success!
[2018.01.06-17.10.47:283][207]LogSlate: Took 0.005126 seconds to synchronously load lazily loaded font '../../../Engine/Content/Slate/Fonts/Roboto-Light.ttf' (159K)
[2018.01.06-17.10.47:332][207]LogVolumetricLightmapImport: Imported Volumetric Lightmap in 0.013s
[2018.01.06-17.10.47:332][207]LogVolumetricLightmapImport:      Indirection Texture 16x16x16 = 0.0Mb
[2018.01.06-17.10.47:332][207]LogVolumetricLightmapImport:      BrickData 125x5x5 = 0.1Mb
[2018.01.06-17.10.47:332][207]LogVolumetricLightmapImport:      Bricks at Level
[2018.01.06-17.10.47:332][207]LogVolumetricLightmapImport:          0: 4.0% covering 100.0% of volume
[2018.01.06-17.10.47:332][207]LogVolumetricLightmapImport:          1: 16.0% covering 6.3% of volume
[2018.01.06-17.10.47:332][207]LogVolumetricLightmapImport:          2: 80.0% covering 0.5% of volume
[2018.01.06-17.10.47:486][207]LogTexture: Display: Building textures: HQ_Lightmap1_1 (AutoDXT, 256X256)
[2018.01.06-17.10.47:486][207]LogTexture: Display: Building textures: SkyOcclusion1_1 (AutoDXT, 256X128)
[2018.01.06-17.10.47:486][207]LogTexture: Display: Building textures: LQ_Lightmap_1_1 (DXT1, 256X256)
[2018.01.06-17.10.47:486][207]LogTexture: Display: Building textures: SkyOcclusion1_2 (AutoDXT, 64X32)
[2018.01.06-17.10.47:486][207]LogTexture: Display: Building textures: HQ_Lightmap1_2 (AutoDXT, 64X64)
[2018.01.06-17.10.47:486][207]LogTexture: Display: Building textures: LQ_Lightmap_1_2 (DXT1, 64X64)
[2018.01.06-17.10.47:486][207]LogTexture: Display: Building textures: ShadowMapTexture2D_1 (G8, 32X32)
[2018.01.06-17.10.47:486][207]LogTexture: Display: Building textures: ShadowMapTexture2D_0 (G8, 512X64)
[2018.01.06-17.10.47:558][207]Lightmass on TERMINAL-DOGMA: 3.77 sec total, 558 ms importing, 344 ms setup, 971 ms photons, 1.80 sec processing, 0 ms extra exporting [7/7 mappings]. Threads: 7.16 sec total, 3.33 sec processing.
[2018.01.06-17.10.47:597][207]LogStaticLightingSystem: Illumination: 9.01 sec (120 ms encoding lightmaps, 13 ms encoding shadowmaps)
[2018.01.06-17.10.47:597][207]LogStaticLightingSystem: Lightmap texture memory:  0.2 MB (0.2 MB streaming, 0.0 MB non-streaming), 4 textures
[2018.01.06-17.10.47:597][207]LogStaticLightingSystem: Shadowmap texture memory: 0.0 MB (0.0 MB streaming, 0.0 MB non-streaming), 2 textures
[2018.01.06-17.10.48:315][207]DumpUnbuiltLightIteractions
[2018.01.06-17.10.48:315][207]Lights with unbuilt interactions: 0
[2018.01.06-17.10.48:315][207]
[2018.01.06-17.10.48:315][207]Primitives with unbuilt interactions: 0
[2018.01.06-17.10.48:368][208]Cmd: MAP CHECK NOTIFYRESULTS
[2018.01.06-17.10.48:368][208]MapCheck: New page: FirstPersonExampleMap - Jan 6, 2018, 7:10:48 PM
[2018.01.06-17.10.48:437][208]MapCheck: Map check complete: 0 Error(s), 0 Warning(s), took 69.291ms to complete.
[2018.01.06-17.11.03:456][253]LogSlate: Took 0.000174 seconds to synchronously load lazily loaded font '../../../Engine/Content/Slate/Fonts/Roboto-Light.ttf' (159K)
[2018.01.06-17.11.12:846][280]LogSavePackage: Save=301.64ms
[2018.01.06-17.11.12:846][280]LogSavePackage: Moving '../../../../../../GitHub/PjrVincennes/vincenne/Saved/FirstPersonExampleMap_Auto17902840F41936F0268B3C78FD5FCC064.tmp' to '../../../../../../GitHub/PjrVincennes/vincenne/Saved/Autosaves/Game/FirstPersonBP/Maps/FirstPersonExampleMap_Auto1.umap'
[2018.01.06-17.11.12:848][280]LogSavePackage: Display: Finished SavePackage ../../../../../../GitHub/PjrVincennes/vincenne/Saved/Autosaves/Game/FirstPersonBP/Maps/FirstPersonExampleMap_Auto1.umap
[2018.01.06-17.11.12:855][280]LogFileHelpers: Editor autosave (incl. sublevels) for '/Game/FirstPersonBP/Maps/FirstPersonExampleMap' took 0.372
[2018.01.06-17.11.12:855][280]LogFileHelpers: Editor autosave (incl. sublevels) for all levels took 0.372
[2018.01.06-17.11.12:857][280]OBJ SavePackage: Generating thumbnails for [0] asset(s) in package [/Game/FirstPersonBP/Maps/FirstPersonExampleMap_BuiltData] ([1] browsable assets)...
[2018.01.06-17.11.12:857][280]OBJ SavePackage: Finished generating thumbnails for package [/Game/FirstPersonBP/Maps/FirstPersonExampleMap_BuiltData]
[2018.01.06-17.11.12:874][280]LogSavePackage: Save=9.70ms
[2018.01.06-17.11.12:874][280]LogSavePackage: Moving '../../../../../../GitHub/PjrVincennes/vincenne/Saved/FirstPersonExampleMap_BuiltData_F5F248A145BFB27CEBF71DBB40A8895A.tmp' to '../../../../../../GitHub/PjrVincennes/vincenne/Saved/Autosaves/Game/FirstPersonBP/Maps/FirstPersonExampleMap_BuiltData_Auto1.uasset'
[2018.01.06-17.11.12:875][280]LogSavePackage: Display: Finished SavePackage ../../../../../../GitHub/PjrVincennes/vincenne/Saved/Autosaves/Game/FirstPersonBP/Maps/FirstPersonExampleMap_BuiltData_Auto1.uasset
[2018.01.06-17.11.12:875][280]LogFileHelpers: Auto-saving content packages took 0.020
